[2024-11-23T12:41:03.618+0000] {processor.py:153} INFO - Started process (PID=169) to work on /opt/airflow/dags/etl_pipeline.py
[2024-11-23T12:41:03.619+0000] {processor.py:743} INFO - Processing file /opt/airflow/dags/etl_pipeline.py for tasks to queue
[2024-11-23T12:41:03.620+0000] {logging_mixin.py:137} INFO - [2024-11-23T12:41:03.620+0000] {dagbag.py:538} INFO - Filling up the DagBag from /opt/airflow/dags/etl_pipeline.py
[2024-11-23T12:41:03.684+0000] {processor.py:753} INFO - DAG(s) dict_keys(['etl_pipeline']) retrieved from /opt/airflow/dags/etl_pipeline.py
[2024-11-23T12:41:03.956+0000] {logging_mixin.py:137} INFO - [2024-11-23T12:41:03.956+0000] {manager.py:504} INFO - Created Permission View: can edit on DAG:etl_pipeline
[2024-11-23T12:41:03.964+0000] {logging_mixin.py:137} INFO - [2024-11-23T12:41:03.964+0000] {manager.py:504} INFO - Created Permission View: can delete on DAG:etl_pipeline
[2024-11-23T12:41:03.972+0000] {logging_mixin.py:137} INFO - [2024-11-23T12:41:03.972+0000] {manager.py:504} INFO - Created Permission View: can read on DAG:etl_pipeline
[2024-11-23T12:41:03.972+0000] {logging_mixin.py:137} INFO - [2024-11-23T12:41:03.972+0000] {dag.py:2676} INFO - Sync 1 DAGs
[2024-11-23T12:41:03.988+0000] {logging_mixin.py:137} INFO - [2024-11-23T12:41:03.987+0000] {dag.py:2697} INFO - Creating ORM DAG for etl_pipeline
[2024-11-23T12:41:04.002+0000] {logging_mixin.py:137} INFO - [2024-11-23T12:41:04.002+0000] {dag.py:3427} INFO - Setting next_dagrun for etl_pipeline to 2024-11-23T11:00:00+00:00, run_after=2024-11-23T12:00:00+00:00
[2024-11-23T12:41:04.035+0000] {processor.py:175} INFO - Processing /opt/airflow/dags/etl_pipeline.py took 0.420 seconds
[2024-11-23T12:41:34.333+0000] {processor.py:153} INFO - Started process (PID=175) to work on /opt/airflow/dags/etl_pipeline.py
[2024-11-23T12:41:34.336+0000] {processor.py:743} INFO - Processing file /opt/airflow/dags/etl_pipeline.py for tasks to queue
[2024-11-23T12:41:34.337+0000] {logging_mixin.py:137} INFO - [2024-11-23T12:41:34.337+0000] {dagbag.py:538} INFO - Filling up the DagBag from /opt/airflow/dags/etl_pipeline.py
[2024-11-23T12:41:34.364+0000] {processor.py:753} INFO - DAG(s) dict_keys(['etl_pipeline']) retrieved from /opt/airflow/dags/etl_pipeline.py
[2024-11-23T12:41:34.414+0000] {logging_mixin.py:137} INFO - [2024-11-23T12:41:34.414+0000] {dag.py:2676} INFO - Sync 1 DAGs
[2024-11-23T12:41:34.449+0000] {logging_mixin.py:137} INFO - [2024-11-23T12:41:34.449+0000] {dag.py:3427} INFO - Setting next_dagrun for etl_pipeline to 2024-11-23T11:00:00+00:00, run_after=2024-11-23T12:00:00+00:00
[2024-11-23T12:41:34.476+0000] {processor.py:175} INFO - Processing /opt/airflow/dags/etl_pipeline.py took 0.147 seconds
[2024-11-23T12:42:04.610+0000] {processor.py:153} INFO - Started process (PID=180) to work on /opt/airflow/dags/etl_pipeline.py
[2024-11-23T12:42:04.611+0000] {processor.py:743} INFO - Processing file /opt/airflow/dags/etl_pipeline.py for tasks to queue
[2024-11-23T12:42:04.612+0000] {logging_mixin.py:137} INFO - [2024-11-23T12:42:04.612+0000] {dagbag.py:538} INFO - Filling up the DagBag from /opt/airflow/dags/etl_pipeline.py
[2024-11-23T12:42:04.636+0000] {processor.py:753} INFO - DAG(s) dict_keys(['etl_pipeline']) retrieved from /opt/airflow/dags/etl_pipeline.py
[2024-11-23T12:42:04.686+0000] {logging_mixin.py:137} INFO - [2024-11-23T12:42:04.686+0000] {dag.py:2676} INFO - Sync 1 DAGs
[2024-11-23T12:42:04.719+0000] {logging_mixin.py:137} INFO - [2024-11-23T12:42:04.719+0000] {dag.py:3427} INFO - Setting next_dagrun for etl_pipeline to 2024-11-23T11:00:00+00:00, run_after=2024-11-23T12:00:00+00:00
[2024-11-23T12:42:04.742+0000] {processor.py:175} INFO - Processing /opt/airflow/dags/etl_pipeline.py took 0.138 seconds
[2024-11-23T12:42:34.971+0000] {processor.py:153} INFO - Started process (PID=185) to work on /opt/airflow/dags/etl_pipeline.py
[2024-11-23T12:42:34.973+0000] {processor.py:743} INFO - Processing file /opt/airflow/dags/etl_pipeline.py for tasks to queue
[2024-11-23T12:42:34.974+0000] {logging_mixin.py:137} INFO - [2024-11-23T12:42:34.974+0000] {dagbag.py:538} INFO - Filling up the DagBag from /opt/airflow/dags/etl_pipeline.py
[2024-11-23T12:42:34.998+0000] {processor.py:753} INFO - DAG(s) dict_keys(['etl_pipeline']) retrieved from /opt/airflow/dags/etl_pipeline.py
[2024-11-23T12:42:35.052+0000] {logging_mixin.py:137} INFO - [2024-11-23T12:42:35.052+0000] {dag.py:2676} INFO - Sync 1 DAGs
[2024-11-23T12:42:35.085+0000] {logging_mixin.py:137} INFO - [2024-11-23T12:42:35.085+0000] {dag.py:3427} INFO - Setting next_dagrun for etl_pipeline to 2024-11-23T11:00:00+00:00, run_after=2024-11-23T12:00:00+00:00
[2024-11-23T12:42:35.110+0000] {processor.py:175} INFO - Processing /opt/airflow/dags/etl_pipeline.py took 0.142 seconds
[2024-11-23T12:43:05.240+0000] {processor.py:153} INFO - Started process (PID=190) to work on /opt/airflow/dags/etl_pipeline.py
[2024-11-23T12:43:05.242+0000] {processor.py:743} INFO - Processing file /opt/airflow/dags/etl_pipeline.py for tasks to queue
[2024-11-23T12:43:05.243+0000] {logging_mixin.py:137} INFO - [2024-11-23T12:43:05.243+0000] {dagbag.py:538} INFO - Filling up the DagBag from /opt/airflow/dags/etl_pipeline.py
[2024-11-23T12:43:05.266+0000] {processor.py:753} INFO - DAG(s) dict_keys(['etl_pipeline']) retrieved from /opt/airflow/dags/etl_pipeline.py
[2024-11-23T12:43:05.321+0000] {logging_mixin.py:137} INFO - [2024-11-23T12:43:05.321+0000] {dag.py:2676} INFO - Sync 1 DAGs
[2024-11-23T12:43:05.357+0000] {logging_mixin.py:137} INFO - [2024-11-23T12:43:05.357+0000] {dag.py:3427} INFO - Setting next_dagrun for etl_pipeline to 2024-11-23T11:00:00+00:00, run_after=2024-11-23T12:00:00+00:00
[2024-11-23T12:43:05.381+0000] {processor.py:175} INFO - Processing /opt/airflow/dags/etl_pipeline.py took 0.147 seconds
[2024-11-23T12:43:35.614+0000] {processor.py:153} INFO - Started process (PID=195) to work on /opt/airflow/dags/etl_pipeline.py
[2024-11-23T12:43:35.616+0000] {processor.py:743} INFO - Processing file /opt/airflow/dags/etl_pipeline.py for tasks to queue
[2024-11-23T12:43:35.617+0000] {logging_mixin.py:137} INFO - [2024-11-23T12:43:35.617+0000] {dagbag.py:538} INFO - Filling up the DagBag from /opt/airflow/dags/etl_pipeline.py
[2024-11-23T12:43:35.652+0000] {processor.py:753} INFO - DAG(s) dict_keys(['etl_pipeline']) retrieved from /opt/airflow/dags/etl_pipeline.py
[2024-11-23T12:43:35.732+0000] {logging_mixin.py:137} INFO - [2024-11-23T12:43:35.732+0000] {dag.py:2676} INFO - Sync 1 DAGs
[2024-11-23T12:43:35.782+0000] {logging_mixin.py:137} INFO - [2024-11-23T12:43:35.782+0000] {dag.py:3427} INFO - Setting next_dagrun for etl_pipeline to 2024-11-23T11:00:00+00:00, run_after=2024-11-23T12:00:00+00:00
[2024-11-23T12:43:35.815+0000] {processor.py:175} INFO - Processing /opt/airflow/dags/etl_pipeline.py took 0.205 seconds
[2024-11-23T12:44:05.864+0000] {processor.py:153} INFO - Started process (PID=200) to work on /opt/airflow/dags/etl_pipeline.py
[2024-11-23T12:44:05.865+0000] {processor.py:743} INFO - Processing file /opt/airflow/dags/etl_pipeline.py for tasks to queue
[2024-11-23T12:44:05.866+0000] {logging_mixin.py:137} INFO - [2024-11-23T12:44:05.866+0000] {dagbag.py:538} INFO - Filling up the DagBag from /opt/airflow/dags/etl_pipeline.py
[2024-11-23T12:44:05.890+0000] {processor.py:753} INFO - DAG(s) dict_keys(['etl_pipeline']) retrieved from /opt/airflow/dags/etl_pipeline.py
[2024-11-23T12:44:05.939+0000] {logging_mixin.py:137} INFO - [2024-11-23T12:44:05.939+0000] {dag.py:2676} INFO - Sync 1 DAGs
[2024-11-23T12:44:05.971+0000] {logging_mixin.py:137} INFO - [2024-11-23T12:44:05.971+0000] {dag.py:3427} INFO - Setting next_dagrun for etl_pipeline to 2024-11-23T11:00:00+00:00, run_after=2024-11-23T12:00:00+00:00
[2024-11-23T12:44:05.994+0000] {processor.py:175} INFO - Processing /opt/airflow/dags/etl_pipeline.py took 0.134 seconds
[2024-11-23T12:44:36.127+0000] {processor.py:153} INFO - Started process (PID=205) to work on /opt/airflow/dags/etl_pipeline.py
[2024-11-23T12:44:36.128+0000] {processor.py:743} INFO - Processing file /opt/airflow/dags/etl_pipeline.py for tasks to queue
[2024-11-23T12:44:36.130+0000] {logging_mixin.py:137} INFO - [2024-11-23T12:44:36.130+0000] {dagbag.py:538} INFO - Filling up the DagBag from /opt/airflow/dags/etl_pipeline.py
[2024-11-23T12:44:36.154+0000] {processor.py:753} INFO - DAG(s) dict_keys(['etl_pipeline']) retrieved from /opt/airflow/dags/etl_pipeline.py
[2024-11-23T12:44:36.205+0000] {logging_mixin.py:137} INFO - [2024-11-23T12:44:36.204+0000] {dag.py:2676} INFO - Sync 1 DAGs
[2024-11-23T12:44:36.239+0000] {logging_mixin.py:137} INFO - [2024-11-23T12:44:36.239+0000] {dag.py:3427} INFO - Setting next_dagrun for etl_pipeline to 2024-11-23T11:00:00+00:00, run_after=2024-11-23T12:00:00+00:00
[2024-11-23T12:44:36.263+0000] {processor.py:175} INFO - Processing /opt/airflow/dags/etl_pipeline.py took 0.140 seconds
[2024-11-23T12:45:06.505+0000] {processor.py:153} INFO - Started process (PID=210) to work on /opt/airflow/dags/etl_pipeline.py
[2024-11-23T12:45:06.506+0000] {processor.py:743} INFO - Processing file /opt/airflow/dags/etl_pipeline.py for tasks to queue
[2024-11-23T12:45:06.507+0000] {logging_mixin.py:137} INFO - [2024-11-23T12:45:06.507+0000] {dagbag.py:538} INFO - Filling up the DagBag from /opt/airflow/dags/etl_pipeline.py
[2024-11-23T12:45:06.529+0000] {processor.py:753} INFO - DAG(s) dict_keys(['etl_pipeline']) retrieved from /opt/airflow/dags/etl_pipeline.py
[2024-11-23T12:45:06.578+0000] {logging_mixin.py:137} INFO - [2024-11-23T12:45:06.578+0000] {dag.py:2676} INFO - Sync 1 DAGs
[2024-11-23T12:45:06.612+0000] {logging_mixin.py:137} INFO - [2024-11-23T12:45:06.612+0000] {dag.py:3427} INFO - Setting next_dagrun for etl_pipeline to 2024-11-23T11:00:00+00:00, run_after=2024-11-23T12:00:00+00:00
[2024-11-23T12:45:06.637+0000] {processor.py:175} INFO - Processing /opt/airflow/dags/etl_pipeline.py took 0.137 seconds
[2024-11-23T12:45:36.775+0000] {processor.py:153} INFO - Started process (PID=215) to work on /opt/airflow/dags/etl_pipeline.py
[2024-11-23T12:45:36.777+0000] {processor.py:743} INFO - Processing file /opt/airflow/dags/etl_pipeline.py for tasks to queue
[2024-11-23T12:45:36.778+0000] {logging_mixin.py:137} INFO - [2024-11-23T12:45:36.778+0000] {dagbag.py:538} INFO - Filling up the DagBag from /opt/airflow/dags/etl_pipeline.py
[2024-11-23T12:45:36.801+0000] {processor.py:753} INFO - DAG(s) dict_keys(['etl_pipeline']) retrieved from /opt/airflow/dags/etl_pipeline.py
[2024-11-23T12:45:36.851+0000] {logging_mixin.py:137} INFO - [2024-11-23T12:45:36.851+0000] {dag.py:2676} INFO - Sync 1 DAGs
[2024-11-23T12:45:36.884+0000] {logging_mixin.py:137} INFO - [2024-11-23T12:45:36.884+0000] {dag.py:3427} INFO - Setting next_dagrun for etl_pipeline to 2024-11-23T11:00:00+00:00, run_after=2024-11-23T12:00:00+00:00
[2024-11-23T12:45:36.908+0000] {processor.py:175} INFO - Processing /opt/airflow/dags/etl_pipeline.py took 0.139 seconds
[2024-11-23T12:46:07.138+0000] {processor.py:153} INFO - Started process (PID=220) to work on /opt/airflow/dags/etl_pipeline.py
[2024-11-23T12:46:07.139+0000] {processor.py:743} INFO - Processing file /opt/airflow/dags/etl_pipeline.py for tasks to queue
[2024-11-23T12:46:07.140+0000] {logging_mixin.py:137} INFO - [2024-11-23T12:46:07.140+0000] {dagbag.py:538} INFO - Filling up the DagBag from /opt/airflow/dags/etl_pipeline.py
[2024-11-23T12:46:07.167+0000] {processor.py:753} INFO - DAG(s) dict_keys(['etl_pipeline']) retrieved from /opt/airflow/dags/etl_pipeline.py
[2024-11-23T12:46:07.224+0000] {logging_mixin.py:137} INFO - [2024-11-23T12:46:07.224+0000] {dag.py:2676} INFO - Sync 1 DAGs
[2024-11-23T12:46:07.258+0000] {logging_mixin.py:137} INFO - [2024-11-23T12:46:07.258+0000] {dag.py:3427} INFO - Setting next_dagrun for etl_pipeline to 2024-11-23T11:00:00+00:00, run_after=2024-11-23T12:00:00+00:00
[2024-11-23T12:46:07.282+0000] {processor.py:175} INFO - Processing /opt/airflow/dags/etl_pipeline.py took 0.155 seconds
[2024-11-23T12:46:37.411+0000] {processor.py:153} INFO - Started process (PID=225) to work on /opt/airflow/dags/etl_pipeline.py
[2024-11-23T12:46:37.412+0000] {processor.py:743} INFO - Processing file /opt/airflow/dags/etl_pipeline.py for tasks to queue
[2024-11-23T12:46:37.414+0000] {logging_mixin.py:137} INFO - [2024-11-23T12:46:37.414+0000] {dagbag.py:538} INFO - Filling up the DagBag from /opt/airflow/dags/etl_pipeline.py
[2024-11-23T12:46:37.439+0000] {processor.py:753} INFO - DAG(s) dict_keys(['etl_pipeline']) retrieved from /opt/airflow/dags/etl_pipeline.py
[2024-11-23T12:46:37.490+0000] {logging_mixin.py:137} INFO - [2024-11-23T12:46:37.490+0000] {dag.py:2676} INFO - Sync 1 DAGs
[2024-11-23T12:46:37.522+0000] {logging_mixin.py:137} INFO - [2024-11-23T12:46:37.522+0000] {dag.py:3427} INFO - Setting next_dagrun for etl_pipeline to 2024-11-23T11:00:00+00:00, run_after=2024-11-23T12:00:00+00:00
[2024-11-23T12:46:37.545+0000] {processor.py:175} INFO - Processing /opt/airflow/dags/etl_pipeline.py took 0.138 seconds
[2024-11-23T12:47:07.790+0000] {processor.py:153} INFO - Started process (PID=230) to work on /opt/airflow/dags/etl_pipeline.py
[2024-11-23T12:47:07.791+0000] {processor.py:743} INFO - Processing file /opt/airflow/dags/etl_pipeline.py for tasks to queue
[2024-11-23T12:47:07.792+0000] {logging_mixin.py:137} INFO - [2024-11-23T12:47:07.792+0000] {dagbag.py:538} INFO - Filling up the DagBag from /opt/airflow/dags/etl_pipeline.py
[2024-11-23T12:47:07.815+0000] {processor.py:753} INFO - DAG(s) dict_keys(['etl_pipeline']) retrieved from /opt/airflow/dags/etl_pipeline.py
[2024-11-23T12:47:07.863+0000] {logging_mixin.py:137} INFO - [2024-11-23T12:47:07.863+0000] {dag.py:2676} INFO - Sync 1 DAGs
[2024-11-23T12:47:07.896+0000] {logging_mixin.py:137} INFO - [2024-11-23T12:47:07.895+0000] {dag.py:3427} INFO - Setting next_dagrun for etl_pipeline to 2024-11-23T11:00:00+00:00, run_after=2024-11-23T12:00:00+00:00
[2024-11-23T12:47:07.922+0000] {processor.py:175} INFO - Processing /opt/airflow/dags/etl_pipeline.py took 0.136 seconds
[2024-11-23T12:47:38.066+0000] {processor.py:153} INFO - Started process (PID=235) to work on /opt/airflow/dags/etl_pipeline.py
[2024-11-23T12:47:38.068+0000] {processor.py:743} INFO - Processing file /opt/airflow/dags/etl_pipeline.py for tasks to queue
[2024-11-23T12:47:38.069+0000] {logging_mixin.py:137} INFO - [2024-11-23T12:47:38.069+0000] {dagbag.py:538} INFO - Filling up the DagBag from /opt/airflow/dags/etl_pipeline.py
[2024-11-23T12:47:38.093+0000] {processor.py:753} INFO - DAG(s) dict_keys(['etl_pipeline']) retrieved from /opt/airflow/dags/etl_pipeline.py
[2024-11-23T12:47:38.146+0000] {logging_mixin.py:137} INFO - [2024-11-23T12:47:38.145+0000] {dag.py:2676} INFO - Sync 1 DAGs
[2024-11-23T12:47:38.178+0000] {logging_mixin.py:137} INFO - [2024-11-23T12:47:38.177+0000] {dag.py:3427} INFO - Setting next_dagrun for etl_pipeline to 2024-11-23T11:00:00+00:00, run_after=2024-11-23T12:00:00+00:00
[2024-11-23T12:47:38.203+0000] {processor.py:175} INFO - Processing /opt/airflow/dags/etl_pipeline.py took 0.141 seconds
[2024-11-23T12:48:08.280+0000] {processor.py:153} INFO - Started process (PID=240) to work on /opt/airflow/dags/etl_pipeline.py
[2024-11-23T12:48:08.283+0000] {processor.py:743} INFO - Processing file /opt/airflow/dags/etl_pipeline.py for tasks to queue
[2024-11-23T12:48:08.285+0000] {logging_mixin.py:137} INFO - [2024-11-23T12:48:08.284+0000] {dagbag.py:538} INFO - Filling up the DagBag from /opt/airflow/dags/etl_pipeline.py
[2024-11-23T12:48:08.316+0000] {processor.py:753} INFO - DAG(s) dict_keys(['etl_pipeline']) retrieved from /opt/airflow/dags/etl_pipeline.py
[2024-11-23T12:48:08.388+0000] {logging_mixin.py:137} INFO - [2024-11-23T12:48:08.387+0000] {dag.py:2676} INFO - Sync 1 DAGs
[2024-11-23T12:48:08.425+0000] {logging_mixin.py:137} INFO - [2024-11-23T12:48:08.425+0000] {dag.py:3427} INFO - Setting next_dagrun for etl_pipeline to 2024-11-23T11:00:00+00:00, run_after=2024-11-23T12:00:00+00:00
[2024-11-23T12:48:08.453+0000] {processor.py:175} INFO - Processing /opt/airflow/dags/etl_pipeline.py took 0.177 seconds
[2024-11-23T12:48:38.588+0000] {processor.py:153} INFO - Started process (PID=245) to work on /opt/airflow/dags/etl_pipeline.py
[2024-11-23T12:48:38.594+0000] {processor.py:743} INFO - Processing file /opt/airflow/dags/etl_pipeline.py for tasks to queue
[2024-11-23T12:48:38.597+0000] {logging_mixin.py:137} INFO - [2024-11-23T12:48:38.597+0000] {dagbag.py:538} INFO - Filling up the DagBag from /opt/airflow/dags/etl_pipeline.py
[2024-11-23T12:48:38.633+0000] {processor.py:753} INFO - DAG(s) dict_keys(['etl_pipeline']) retrieved from /opt/airflow/dags/etl_pipeline.py
[2024-11-23T12:48:38.720+0000] {logging_mixin.py:137} INFO - [2024-11-23T12:48:38.719+0000] {dag.py:2676} INFO - Sync 1 DAGs
[2024-11-23T12:48:38.775+0000] {logging_mixin.py:137} INFO - [2024-11-23T12:48:38.774+0000] {dag.py:3427} INFO - Setting next_dagrun for etl_pipeline to 2024-11-23T11:00:00+00:00, run_after=2024-11-23T12:00:00+00:00
[2024-11-23T12:48:38.803+0000] {processor.py:175} INFO - Processing /opt/airflow/dags/etl_pipeline.py took 0.220 seconds
[2024-11-23T12:49:08.872+0000] {processor.py:153} INFO - Started process (PID=250) to work on /opt/airflow/dags/etl_pipeline.py
[2024-11-23T12:49:08.873+0000] {processor.py:743} INFO - Processing file /opt/airflow/dags/etl_pipeline.py for tasks to queue
[2024-11-23T12:49:08.874+0000] {logging_mixin.py:137} INFO - [2024-11-23T12:49:08.874+0000] {dagbag.py:538} INFO - Filling up the DagBag from /opt/airflow/dags/etl_pipeline.py
[2024-11-23T12:49:08.903+0000] {processor.py:753} INFO - DAG(s) dict_keys(['etl_pipeline']) retrieved from /opt/airflow/dags/etl_pipeline.py
[2024-11-23T12:49:08.964+0000] {logging_mixin.py:137} INFO - [2024-11-23T12:49:08.964+0000] {dag.py:2676} INFO - Sync 1 DAGs
[2024-11-23T12:49:09.005+0000] {logging_mixin.py:137} INFO - [2024-11-23T12:49:09.005+0000] {dag.py:3427} INFO - Setting next_dagrun for etl_pipeline to 2024-11-23T11:00:00+00:00, run_after=2024-11-23T12:00:00+00:00
[2024-11-23T12:49:09.028+0000] {processor.py:175} INFO - Processing /opt/airflow/dags/etl_pipeline.py took 0.161 seconds
[2024-11-23T12:49:39.143+0000] {processor.py:153} INFO - Started process (PID=255) to work on /opt/airflow/dags/etl_pipeline.py
[2024-11-23T12:49:39.145+0000] {processor.py:743} INFO - Processing file /opt/airflow/dags/etl_pipeline.py for tasks to queue
[2024-11-23T12:49:39.146+0000] {logging_mixin.py:137} INFO - [2024-11-23T12:49:39.145+0000] {dagbag.py:538} INFO - Filling up the DagBag from /opt/airflow/dags/etl_pipeline.py
[2024-11-23T12:49:39.170+0000] {processor.py:753} INFO - DAG(s) dict_keys(['etl_pipeline']) retrieved from /opt/airflow/dags/etl_pipeline.py
[2024-11-23T12:49:39.219+0000] {logging_mixin.py:137} INFO - [2024-11-23T12:49:39.219+0000] {dag.py:2676} INFO - Sync 1 DAGs
[2024-11-23T12:49:39.253+0000] {logging_mixin.py:137} INFO - [2024-11-23T12:49:39.253+0000] {dag.py:3427} INFO - Setting next_dagrun for etl_pipeline to 2024-11-23T11:00:00+00:00, run_after=2024-11-23T12:00:00+00:00
[2024-11-23T12:49:39.278+0000] {processor.py:175} INFO - Processing /opt/airflow/dags/etl_pipeline.py took 0.140 seconds
[2024-11-23T12:50:36.029+0000] {processor.py:153} INFO - Started process (PID=168) to work on /opt/airflow/dags/etl_pipeline.py
[2024-11-23T12:50:36.031+0000] {processor.py:743} INFO - Processing file /opt/airflow/dags/etl_pipeline.py for tasks to queue
[2024-11-23T12:50:36.034+0000] {logging_mixin.py:137} INFO - [2024-11-23T12:50:36.034+0000] {dagbag.py:538} INFO - Filling up the DagBag from /opt/airflow/dags/etl_pipeline.py
[2024-11-23T12:50:36.075+0000] {processor.py:753} INFO - DAG(s) dict_keys(['etl_pipeline']) retrieved from /opt/airflow/dags/etl_pipeline.py
[2024-11-23T12:50:36.111+0000] {logging_mixin.py:137} INFO - [2024-11-23T12:50:36.110+0000] {dag.py:2676} INFO - Sync 1 DAGs
[2024-11-23T12:50:36.142+0000] {logging_mixin.py:137} INFO - [2024-11-23T12:50:36.142+0000] {dag.py:3427} INFO - Setting next_dagrun for etl_pipeline to 2024-11-23T11:00:00+00:00, run_after=2024-11-23T12:00:00+00:00
[2024-11-23T12:50:36.166+0000] {processor.py:175} INFO - Processing /opt/airflow/dags/etl_pipeline.py took 0.140 seconds
[2024-11-23T12:51:06.259+0000] {processor.py:153} INFO - Started process (PID=174) to work on /opt/airflow/dags/etl_pipeline.py
[2024-11-23T12:51:06.261+0000] {processor.py:743} INFO - Processing file /opt/airflow/dags/etl_pipeline.py for tasks to queue
[2024-11-23T12:51:06.262+0000] {logging_mixin.py:137} INFO - [2024-11-23T12:51:06.262+0000] {dagbag.py:538} INFO - Filling up the DagBag from /opt/airflow/dags/etl_pipeline.py
[2024-11-23T12:51:06.289+0000] {processor.py:753} INFO - DAG(s) dict_keys(['etl_pipeline']) retrieved from /opt/airflow/dags/etl_pipeline.py
[2024-11-23T12:51:06.325+0000] {logging_mixin.py:137} INFO - [2024-11-23T12:51:06.325+0000] {dag.py:2676} INFO - Sync 1 DAGs
[2024-11-23T12:51:06.444+0000] {logging_mixin.py:137} INFO - [2024-11-23T12:51:06.442+0000] {dag.py:3427} INFO - Setting next_dagrun for etl_pipeline to 2024-11-23T11:00:00+00:00, run_after=2024-11-23T12:00:00+00:00
[2024-11-23T12:51:06.484+0000] {processor.py:175} INFO - Processing /opt/airflow/dags/etl_pipeline.py took 0.229 seconds
[2024-11-23T12:51:36.639+0000] {processor.py:153} INFO - Started process (PID=179) to work on /opt/airflow/dags/etl_pipeline.py
[2024-11-23T12:51:36.642+0000] {processor.py:743} INFO - Processing file /opt/airflow/dags/etl_pipeline.py for tasks to queue
[2024-11-23T12:51:36.644+0000] {logging_mixin.py:137} INFO - [2024-11-23T12:51:36.643+0000] {dagbag.py:538} INFO - Filling up the DagBag from /opt/airflow/dags/etl_pipeline.py
[2024-11-23T12:51:36.679+0000] {processor.py:753} INFO - DAG(s) dict_keys(['etl_pipeline']) retrieved from /opt/airflow/dags/etl_pipeline.py
[2024-11-23T12:51:36.749+0000] {logging_mixin.py:137} INFO - [2024-11-23T12:51:36.748+0000] {dag.py:2676} INFO - Sync 1 DAGs
[2024-11-23T12:51:36.787+0000] {logging_mixin.py:137} INFO - [2024-11-23T12:51:36.787+0000] {dag.py:3427} INFO - Setting next_dagrun for etl_pipeline to 2024-11-23T11:00:00+00:00, run_after=2024-11-23T12:00:00+00:00
[2024-11-23T12:51:36.816+0000] {processor.py:175} INFO - Processing /opt/airflow/dags/etl_pipeline.py took 0.181 seconds
[2024-11-23T12:52:06.972+0000] {processor.py:153} INFO - Started process (PID=184) to work on /opt/airflow/dags/etl_pipeline.py
[2024-11-23T12:52:06.974+0000] {processor.py:743} INFO - Processing file /opt/airflow/dags/etl_pipeline.py for tasks to queue
[2024-11-23T12:52:06.975+0000] {logging_mixin.py:137} INFO - [2024-11-23T12:52:06.975+0000] {dagbag.py:538} INFO - Filling up the DagBag from /opt/airflow/dags/etl_pipeline.py
[2024-11-23T12:52:07.000+0000] {processor.py:753} INFO - DAG(s) dict_keys(['etl_pipeline']) retrieved from /opt/airflow/dags/etl_pipeline.py
[2024-11-23T12:52:07.039+0000] {logging_mixin.py:137} INFO - [2024-11-23T12:52:07.039+0000] {dag.py:2676} INFO - Sync 1 DAGs
[2024-11-23T12:52:07.072+0000] {logging_mixin.py:137} INFO - [2024-11-23T12:52:07.072+0000] {dag.py:3427} INFO - Setting next_dagrun for etl_pipeline to 2024-11-23T11:00:00+00:00, run_after=2024-11-23T12:00:00+00:00
[2024-11-23T12:52:07.095+0000] {processor.py:175} INFO - Processing /opt/airflow/dags/etl_pipeline.py took 0.127 seconds
[2024-11-23T12:52:37.355+0000] {processor.py:153} INFO - Started process (PID=189) to work on /opt/airflow/dags/etl_pipeline.py
[2024-11-23T12:52:37.358+0000] {processor.py:743} INFO - Processing file /opt/airflow/dags/etl_pipeline.py for tasks to queue
[2024-11-23T12:52:37.367+0000] {logging_mixin.py:137} INFO - [2024-11-23T12:52:37.366+0000] {dagbag.py:538} INFO - Filling up the DagBag from /opt/airflow/dags/etl_pipeline.py
[2024-11-23T12:52:37.446+0000] {processor.py:753} INFO - DAG(s) dict_keys(['etl_pipeline']) retrieved from /opt/airflow/dags/etl_pipeline.py
[2024-11-23T12:52:37.508+0000] {logging_mixin.py:137} INFO - [2024-11-23T12:52:37.508+0000] {dag.py:2676} INFO - Sync 1 DAGs
[2024-11-23T12:52:37.542+0000] {logging_mixin.py:137} INFO - [2024-11-23T12:52:37.542+0000] {dag.py:3427} INFO - Setting next_dagrun for etl_pipeline to 2024-11-23T11:00:00+00:00, run_after=2024-11-23T12:00:00+00:00
[2024-11-23T12:52:37.570+0000] {processor.py:175} INFO - Processing /opt/airflow/dags/etl_pipeline.py took 0.254 seconds
[2024-11-23T12:53:07.658+0000] {processor.py:153} INFO - Started process (PID=194) to work on /opt/airflow/dags/etl_pipeline.py
[2024-11-23T12:53:07.660+0000] {processor.py:743} INFO - Processing file /opt/airflow/dags/etl_pipeline.py for tasks to queue
[2024-11-23T12:53:07.662+0000] {logging_mixin.py:137} INFO - [2024-11-23T12:53:07.662+0000] {dagbag.py:538} INFO - Filling up the DagBag from /opt/airflow/dags/etl_pipeline.py
[2024-11-23T12:53:07.686+0000] {processor.py:753} INFO - DAG(s) dict_keys(['etl_pipeline']) retrieved from /opt/airflow/dags/etl_pipeline.py
[2024-11-23T12:53:07.736+0000] {logging_mixin.py:137} INFO - [2024-11-23T12:53:07.736+0000] {dag.py:2676} INFO - Sync 1 DAGs
[2024-11-23T12:53:07.768+0000] {logging_mixin.py:137} INFO - [2024-11-23T12:53:07.768+0000] {dag.py:3427} INFO - Setting next_dagrun for etl_pipeline to 2024-11-23T11:00:00+00:00, run_after=2024-11-23T12:00:00+00:00
[2024-11-23T12:53:07.790+0000] {processor.py:175} INFO - Processing /opt/airflow/dags/etl_pipeline.py took 0.136 seconds
[2024-11-23T12:53:37.964+0000] {processor.py:153} INFO - Started process (PID=199) to work on /opt/airflow/dags/etl_pipeline.py
[2024-11-23T12:53:37.966+0000] {processor.py:743} INFO - Processing file /opt/airflow/dags/etl_pipeline.py for tasks to queue
[2024-11-23T12:53:37.967+0000] {logging_mixin.py:137} INFO - [2024-11-23T12:53:37.967+0000] {dagbag.py:538} INFO - Filling up the DagBag from /opt/airflow/dags/etl_pipeline.py
[2024-11-23T12:53:37.999+0000] {processor.py:753} INFO - DAG(s) dict_keys(['etl_pipeline']) retrieved from /opt/airflow/dags/etl_pipeline.py
[2024-11-23T12:53:38.063+0000] {logging_mixin.py:137} INFO - [2024-11-23T12:53:38.063+0000] {dag.py:2676} INFO - Sync 1 DAGs
[2024-11-23T12:53:38.094+0000] {logging_mixin.py:137} INFO - [2024-11-23T12:53:38.094+0000] {dag.py:3427} INFO - Setting next_dagrun for etl_pipeline to 2024-11-23T11:00:00+00:00, run_after=2024-11-23T12:00:00+00:00
[2024-11-23T12:53:38.118+0000] {processor.py:175} INFO - Processing /opt/airflow/dags/etl_pipeline.py took 0.160 seconds
[2024-11-23T12:54:08.355+0000] {processor.py:153} INFO - Started process (PID=204) to work on /opt/airflow/dags/etl_pipeline.py
[2024-11-23T12:54:08.357+0000] {processor.py:743} INFO - Processing file /opt/airflow/dags/etl_pipeline.py for tasks to queue
[2024-11-23T12:54:08.358+0000] {logging_mixin.py:137} INFO - [2024-11-23T12:54:08.358+0000] {dagbag.py:538} INFO - Filling up the DagBag from /opt/airflow/dags/etl_pipeline.py
[2024-11-23T12:54:08.381+0000] {processor.py:753} INFO - DAG(s) dict_keys(['etl_pipeline']) retrieved from /opt/airflow/dags/etl_pipeline.py
[2024-11-23T12:54:08.430+0000] {logging_mixin.py:137} INFO - [2024-11-23T12:54:08.429+0000] {dag.py:2676} INFO - Sync 1 DAGs
[2024-11-23T12:54:08.461+0000] {logging_mixin.py:137} INFO - [2024-11-23T12:54:08.461+0000] {dag.py:3427} INFO - Setting next_dagrun for etl_pipeline to 2024-11-23T11:00:00+00:00, run_after=2024-11-23T12:00:00+00:00
[2024-11-23T12:54:08.485+0000] {processor.py:175} INFO - Processing /opt/airflow/dags/etl_pipeline.py took 0.134 seconds
[2024-11-23T12:54:38.691+0000] {processor.py:153} INFO - Started process (PID=209) to work on /opt/airflow/dags/etl_pipeline.py
[2024-11-23T12:54:38.693+0000] {processor.py:743} INFO - Processing file /opt/airflow/dags/etl_pipeline.py for tasks to queue
[2024-11-23T12:54:38.694+0000] {logging_mixin.py:137} INFO - [2024-11-23T12:54:38.694+0000] {dagbag.py:538} INFO - Filling up the DagBag from /opt/airflow/dags/etl_pipeline.py
[2024-11-23T12:54:38.717+0000] {processor.py:753} INFO - DAG(s) dict_keys(['etl_pipeline']) retrieved from /opt/airflow/dags/etl_pipeline.py
[2024-11-23T12:54:38.769+0000] {logging_mixin.py:137} INFO - [2024-11-23T12:54:38.769+0000] {dag.py:2676} INFO - Sync 1 DAGs
[2024-11-23T12:54:38.803+0000] {logging_mixin.py:137} INFO - [2024-11-23T12:54:38.803+0000] {dag.py:3427} INFO - Setting next_dagrun for etl_pipeline to 2024-11-23T11:00:00+00:00, run_after=2024-11-23T12:00:00+00:00
[2024-11-23T12:54:38.826+0000] {processor.py:175} INFO - Processing /opt/airflow/dags/etl_pipeline.py took 0.139 seconds
[2024-11-23T12:55:09.055+0000] {processor.py:153} INFO - Started process (PID=214) to work on /opt/airflow/dags/etl_pipeline.py
[2024-11-23T12:55:09.057+0000] {processor.py:743} INFO - Processing file /opt/airflow/dags/etl_pipeline.py for tasks to queue
[2024-11-23T12:55:09.058+0000] {logging_mixin.py:137} INFO - [2024-11-23T12:55:09.058+0000] {dagbag.py:538} INFO - Filling up the DagBag from /opt/airflow/dags/etl_pipeline.py
[2024-11-23T12:55:09.083+0000] {processor.py:753} INFO - DAG(s) dict_keys(['etl_pipeline']) retrieved from /opt/airflow/dags/etl_pipeline.py
[2024-11-23T12:55:09.130+0000] {logging_mixin.py:137} INFO - [2024-11-23T12:55:09.130+0000] {dag.py:2676} INFO - Sync 1 DAGs
[2024-11-23T12:55:09.162+0000] {logging_mixin.py:137} INFO - [2024-11-23T12:55:09.162+0000] {dag.py:3427} INFO - Setting next_dagrun for etl_pipeline to 2024-11-23T11:00:00+00:00, run_after=2024-11-23T12:00:00+00:00
[2024-11-23T12:55:09.185+0000] {processor.py:175} INFO - Processing /opt/airflow/dags/etl_pipeline.py took 0.135 seconds
[2024-11-23T12:55:39.408+0000] {processor.py:153} INFO - Started process (PID=219) to work on /opt/airflow/dags/etl_pipeline.py
[2024-11-23T12:55:39.409+0000] {processor.py:743} INFO - Processing file /opt/airflow/dags/etl_pipeline.py for tasks to queue
[2024-11-23T12:55:39.410+0000] {logging_mixin.py:137} INFO - [2024-11-23T12:55:39.410+0000] {dagbag.py:538} INFO - Filling up the DagBag from /opt/airflow/dags/etl_pipeline.py
[2024-11-23T12:55:39.433+0000] {processor.py:753} INFO - DAG(s) dict_keys(['etl_pipeline']) retrieved from /opt/airflow/dags/etl_pipeline.py
[2024-11-23T12:55:39.482+0000] {logging_mixin.py:137} INFO - [2024-11-23T12:55:39.482+0000] {dag.py:2676} INFO - Sync 1 DAGs
[2024-11-23T12:55:39.514+0000] {logging_mixin.py:137} INFO - [2024-11-23T12:55:39.514+0000] {dag.py:3427} INFO - Setting next_dagrun for etl_pipeline to 2024-11-23T11:00:00+00:00, run_after=2024-11-23T12:00:00+00:00
[2024-11-23T12:55:39.536+0000] {processor.py:175} INFO - Processing /opt/airflow/dags/etl_pipeline.py took 0.133 seconds
[2024-11-23T12:56:09.772+0000] {processor.py:153} INFO - Started process (PID=224) to work on /opt/airflow/dags/etl_pipeline.py
[2024-11-23T12:56:09.773+0000] {processor.py:743} INFO - Processing file /opt/airflow/dags/etl_pipeline.py for tasks to queue
[2024-11-23T12:56:09.774+0000] {logging_mixin.py:137} INFO - [2024-11-23T12:56:09.774+0000] {dagbag.py:538} INFO - Filling up the DagBag from /opt/airflow/dags/etl_pipeline.py
[2024-11-23T12:56:09.805+0000] {processor.py:753} INFO - DAG(s) dict_keys(['etl_pipeline']) retrieved from /opt/airflow/dags/etl_pipeline.py
[2024-11-23T12:56:09.856+0000] {logging_mixin.py:137} INFO - [2024-11-23T12:56:09.855+0000] {dag.py:2676} INFO - Sync 1 DAGs
[2024-11-23T12:56:09.888+0000] {logging_mixin.py:137} INFO - [2024-11-23T12:56:09.888+0000] {dag.py:3427} INFO - Setting next_dagrun for etl_pipeline to 2024-11-23T11:00:00+00:00, run_after=2024-11-23T12:00:00+00:00
[2024-11-23T12:56:09.913+0000] {processor.py:175} INFO - Processing /opt/airflow/dags/etl_pipeline.py took 0.146 seconds
[2024-11-23T12:56:40.125+0000] {processor.py:153} INFO - Started process (PID=229) to work on /opt/airflow/dags/etl_pipeline.py
[2024-11-23T12:56:40.127+0000] {processor.py:743} INFO - Processing file /opt/airflow/dags/etl_pipeline.py for tasks to queue
[2024-11-23T12:56:40.128+0000] {logging_mixin.py:137} INFO - [2024-11-23T12:56:40.128+0000] {dagbag.py:538} INFO - Filling up the DagBag from /opt/airflow/dags/etl_pipeline.py
[2024-11-23T12:56:40.151+0000] {processor.py:753} INFO - DAG(s) dict_keys(['etl_pipeline']) retrieved from /opt/airflow/dags/etl_pipeline.py
[2024-11-23T12:56:40.201+0000] {logging_mixin.py:137} INFO - [2024-11-23T12:56:40.201+0000] {dag.py:2676} INFO - Sync 1 DAGs
[2024-11-23T12:56:40.234+0000] {logging_mixin.py:137} INFO - [2024-11-23T12:56:40.233+0000] {dag.py:3427} INFO - Setting next_dagrun for etl_pipeline to 2024-11-23T11:00:00+00:00, run_after=2024-11-23T12:00:00+00:00
[2024-11-23T12:56:40.256+0000] {processor.py:175} INFO - Processing /opt/airflow/dags/etl_pipeline.py took 0.135 seconds
[2024-11-23T12:57:10.460+0000] {processor.py:153} INFO - Started process (PID=234) to work on /opt/airflow/dags/etl_pipeline.py
[2024-11-23T12:57:10.462+0000] {processor.py:743} INFO - Processing file /opt/airflow/dags/etl_pipeline.py for tasks to queue
[2024-11-23T12:57:10.463+0000] {logging_mixin.py:137} INFO - [2024-11-23T12:57:10.463+0000] {dagbag.py:538} INFO - Filling up the DagBag from /opt/airflow/dags/etl_pipeline.py
[2024-11-23T12:57:10.486+0000] {processor.py:753} INFO - DAG(s) dict_keys(['etl_pipeline']) retrieved from /opt/airflow/dags/etl_pipeline.py
[2024-11-23T12:57:10.535+0000] {logging_mixin.py:137} INFO - [2024-11-23T12:57:10.535+0000] {dag.py:2676} INFO - Sync 1 DAGs
[2024-11-23T12:57:10.567+0000] {logging_mixin.py:137} INFO - [2024-11-23T12:57:10.567+0000] {dag.py:3427} INFO - Setting next_dagrun for etl_pipeline to 2024-11-23T11:00:00+00:00, run_after=2024-11-23T12:00:00+00:00
[2024-11-23T12:57:10.593+0000] {processor.py:175} INFO - Processing /opt/airflow/dags/etl_pipeline.py took 0.137 seconds
[2024-11-23T12:57:40.789+0000] {processor.py:153} INFO - Started process (PID=239) to work on /opt/airflow/dags/etl_pipeline.py
[2024-11-23T12:57:40.791+0000] {processor.py:743} INFO - Processing file /opt/airflow/dags/etl_pipeline.py for tasks to queue
[2024-11-23T12:57:40.792+0000] {logging_mixin.py:137} INFO - [2024-11-23T12:57:40.792+0000] {dagbag.py:538} INFO - Filling up the DagBag from /opt/airflow/dags/etl_pipeline.py
[2024-11-23T12:57:40.816+0000] {processor.py:753} INFO - DAG(s) dict_keys(['etl_pipeline']) retrieved from /opt/airflow/dags/etl_pipeline.py
[2024-11-23T12:57:40.866+0000] {logging_mixin.py:137} INFO - [2024-11-23T12:57:40.866+0000] {dag.py:2676} INFO - Sync 1 DAGs
[2024-11-23T12:57:40.898+0000] {logging_mixin.py:137} INFO - [2024-11-23T12:57:40.898+0000] {dag.py:3427} INFO - Setting next_dagrun for etl_pipeline to 2024-11-23T11:00:00+00:00, run_after=2024-11-23T12:00:00+00:00
[2024-11-23T12:57:40.923+0000] {processor.py:175} INFO - Processing /opt/airflow/dags/etl_pipeline.py took 0.138 seconds
[2024-11-23T12:58:11.132+0000] {processor.py:153} INFO - Started process (PID=244) to work on /opt/airflow/dags/etl_pipeline.py
[2024-11-23T12:58:11.133+0000] {processor.py:743} INFO - Processing file /opt/airflow/dags/etl_pipeline.py for tasks to queue
[2024-11-23T12:58:11.135+0000] {logging_mixin.py:137} INFO - [2024-11-23T12:58:11.134+0000] {dagbag.py:538} INFO - Filling up the DagBag from /opt/airflow/dags/etl_pipeline.py
[2024-11-23T12:58:11.161+0000] {processor.py:753} INFO - DAG(s) dict_keys(['etl_pipeline']) retrieved from /opt/airflow/dags/etl_pipeline.py
[2024-11-23T12:58:11.216+0000] {logging_mixin.py:137} INFO - [2024-11-23T12:58:11.216+0000] {dag.py:2676} INFO - Sync 1 DAGs
[2024-11-23T12:58:11.250+0000] {logging_mixin.py:137} INFO - [2024-11-23T12:58:11.250+0000] {dag.py:3427} INFO - Setting next_dagrun for etl_pipeline to 2024-11-23T11:00:00+00:00, run_after=2024-11-23T12:00:00+00:00
[2024-11-23T12:58:11.273+0000] {processor.py:175} INFO - Processing /opt/airflow/dags/etl_pipeline.py took 0.144 seconds
[2024-11-23T12:58:41.515+0000] {processor.py:153} INFO - Started process (PID=249) to work on /opt/airflow/dags/etl_pipeline.py
[2024-11-23T12:58:41.516+0000] {processor.py:743} INFO - Processing file /opt/airflow/dags/etl_pipeline.py for tasks to queue
[2024-11-23T12:58:41.517+0000] {logging_mixin.py:137} INFO - [2024-11-23T12:58:41.517+0000] {dagbag.py:538} INFO - Filling up the DagBag from /opt/airflow/dags/etl_pipeline.py
[2024-11-23T12:58:41.542+0000] {processor.py:753} INFO - DAG(s) dict_keys(['etl_pipeline']) retrieved from /opt/airflow/dags/etl_pipeline.py
[2024-11-23T12:58:41.590+0000] {logging_mixin.py:137} INFO - [2024-11-23T12:58:41.590+0000] {dag.py:2676} INFO - Sync 1 DAGs
[2024-11-23T12:58:41.624+0000] {logging_mixin.py:137} INFO - [2024-11-23T12:58:41.624+0000] {dag.py:3427} INFO - Setting next_dagrun for etl_pipeline to 2024-11-23T11:00:00+00:00, run_after=2024-11-23T12:00:00+00:00
[2024-11-23T12:58:41.648+0000] {processor.py:175} INFO - Processing /opt/airflow/dags/etl_pipeline.py took 0.138 seconds
[2024-11-23T12:59:11.975+0000] {processor.py:153} INFO - Started process (PID=254) to work on /opt/airflow/dags/etl_pipeline.py
[2024-11-23T12:59:11.977+0000] {processor.py:743} INFO - Processing file /opt/airflow/dags/etl_pipeline.py for tasks to queue
[2024-11-23T12:59:11.978+0000] {logging_mixin.py:137} INFO - [2024-11-23T12:59:11.978+0000] {dagbag.py:538} INFO - Filling up the DagBag from /opt/airflow/dags/etl_pipeline.py
[2024-11-23T12:59:12.014+0000] {processor.py:753} INFO - DAG(s) dict_keys(['etl_pipeline']) retrieved from /opt/airflow/dags/etl_pipeline.py
[2024-11-23T12:59:12.079+0000] {logging_mixin.py:137} INFO - [2024-11-23T12:59:12.079+0000] {dag.py:2676} INFO - Sync 1 DAGs
[2024-11-23T12:59:12.116+0000] {logging_mixin.py:137} INFO - [2024-11-23T12:59:12.116+0000] {dag.py:3427} INFO - Setting next_dagrun for etl_pipeline to 2024-11-23T11:00:00+00:00, run_after=2024-11-23T12:00:00+00:00
[2024-11-23T12:59:12.141+0000] {processor.py:175} INFO - Processing /opt/airflow/dags/etl_pipeline.py took 0.171 seconds
[2024-11-23T13:03:36.528+0000] {processor.py:153} INFO - Started process (PID=260) to work on /opt/airflow/dags/etl_pipeline.py
[2024-11-23T13:03:36.567+0000] {processor.py:743} INFO - Processing file /opt/airflow/dags/etl_pipeline.py for tasks to queue
[2024-11-23T13:03:36.570+0000] {logging_mixin.py:137} INFO - [2024-11-23T13:03:36.569+0000] {dagbag.py:538} INFO - Filling up the DagBag from /opt/airflow/dags/etl_pipeline.py
[2024-11-23T13:03:36.744+0000] {processor.py:753} INFO - DAG(s) dict_keys(['etl_pipeline']) retrieved from /opt/airflow/dags/etl_pipeline.py
[2024-11-23T13:03:36.872+0000] {logging_mixin.py:137} INFO - [2024-11-23T13:03:36.872+0000] {dag.py:2676} INFO - Sync 1 DAGs
[2024-11-23T13:03:36.941+0000] {logging_mixin.py:137} INFO - [2024-11-23T13:03:36.941+0000] {dag.py:3427} INFO - Setting next_dagrun for etl_pipeline to 2024-11-23T12:00:00+00:00, run_after=2024-11-23T13:00:00+00:00
[2024-11-23T13:03:36.990+0000] {processor.py:175} INFO - Processing /opt/airflow/dags/etl_pipeline.py took 0.712 seconds
[2024-11-23T13:04:07.988+0000] {processor.py:153} INFO - Started process (PID=265) to work on /opt/airflow/dags/etl_pipeline.py
[2024-11-23T13:04:07.990+0000] {processor.py:743} INFO - Processing file /opt/airflow/dags/etl_pipeline.py for tasks to queue
[2024-11-23T13:04:07.991+0000] {logging_mixin.py:137} INFO - [2024-11-23T13:04:07.991+0000] {dagbag.py:538} INFO - Filling up the DagBag from /opt/airflow/dags/etl_pipeline.py
[2024-11-23T13:04:08.017+0000] {processor.py:753} INFO - DAG(s) dict_keys(['etl_pipeline']) retrieved from /opt/airflow/dags/etl_pipeline.py
[2024-11-23T13:04:08.065+0000] {logging_mixin.py:137} INFO - [2024-11-23T13:04:08.064+0000] {dag.py:2676} INFO - Sync 1 DAGs
[2024-11-23T13:04:08.096+0000] {logging_mixin.py:137} INFO - [2024-11-23T13:04:08.096+0000] {dag.py:3427} INFO - Setting next_dagrun for etl_pipeline to 2024-11-23T12:00:00+00:00, run_after=2024-11-23T13:00:00+00:00
[2024-11-23T13:04:08.119+0000] {processor.py:175} INFO - Processing /opt/airflow/dags/etl_pipeline.py took 0.135 seconds
[2024-11-23T13:05:05.319+0000] {processor.py:153} INFO - Started process (PID=270) to work on /opt/airflow/dags/etl_pipeline.py
[2024-11-23T13:05:05.322+0000] {processor.py:743} INFO - Processing file /opt/airflow/dags/etl_pipeline.py for tasks to queue
[2024-11-23T13:05:05.325+0000] {logging_mixin.py:137} INFO - [2024-11-23T13:05:05.324+0000] {dagbag.py:538} INFO - Filling up the DagBag from /opt/airflow/dags/etl_pipeline.py
[2024-11-23T13:05:05.383+0000] {processor.py:753} INFO - DAG(s) dict_keys(['etl_pipeline']) retrieved from /opt/airflow/dags/etl_pipeline.py
[2024-11-23T13:05:05.574+0000] {logging_mixin.py:137} INFO - [2024-11-23T13:05:05.573+0000] {dag.py:2676} INFO - Sync 1 DAGs
[2024-11-23T13:05:05.709+0000] {logging_mixin.py:137} INFO - [2024-11-23T13:05:05.709+0000] {dag.py:3427} INFO - Setting next_dagrun for etl_pipeline to 2024-11-23T12:00:00+00:00, run_after=2024-11-23T13:00:00+00:00
[2024-11-23T13:05:05.754+0000] {processor.py:175} INFO - Processing /opt/airflow/dags/etl_pipeline.py took 0.444 seconds
[2024-11-23T13:09:40.239+0000] {processor.py:153} INFO - Started process (PID=276) to work on /opt/airflow/dags/etl_pipeline.py
[2024-11-23T13:09:40.255+0000] {processor.py:743} INFO - Processing file /opt/airflow/dags/etl_pipeline.py for tasks to queue
[2024-11-23T13:09:40.258+0000] {logging_mixin.py:137} INFO - [2024-11-23T13:09:40.257+0000] {dagbag.py:538} INFO - Filling up the DagBag from /opt/airflow/dags/etl_pipeline.py
[2024-11-23T13:09:40.333+0000] {processor.py:753} INFO - DAG(s) dict_keys(['etl_pipeline']) retrieved from /opt/airflow/dags/etl_pipeline.py
[2024-11-23T13:09:40.439+0000] {logging_mixin.py:137} INFO - [2024-11-23T13:09:40.439+0000] {dag.py:2676} INFO - Sync 1 DAGs
[2024-11-23T13:09:40.501+0000] {logging_mixin.py:137} INFO - [2024-11-23T13:09:40.501+0000] {dag.py:3427} INFO - Setting next_dagrun for etl_pipeline to 2024-11-23T12:00:00+00:00, run_after=2024-11-23T13:00:00+00:00
[2024-11-23T13:09:40.589+0000] {processor.py:175} INFO - Processing /opt/airflow/dags/etl_pipeline.py took 0.361 seconds
[2024-11-23T13:10:10.945+0000] {processor.py:153} INFO - Started process (PID=281) to work on /opt/airflow/dags/etl_pipeline.py
[2024-11-23T13:10:10.948+0000] {processor.py:743} INFO - Processing file /opt/airflow/dags/etl_pipeline.py for tasks to queue
[2024-11-23T13:10:10.951+0000] {logging_mixin.py:137} INFO - [2024-11-23T13:10:10.950+0000] {dagbag.py:538} INFO - Filling up the DagBag from /opt/airflow/dags/etl_pipeline.py
[2024-11-23T13:10:11.010+0000] {processor.py:753} INFO - DAG(s) dict_keys(['etl_pipeline']) retrieved from /opt/airflow/dags/etl_pipeline.py
[2024-11-23T13:10:11.097+0000] {logging_mixin.py:137} INFO - [2024-11-23T13:10:11.096+0000] {dag.py:2676} INFO - Sync 1 DAGs
[2024-11-23T13:10:11.144+0000] {logging_mixin.py:137} INFO - [2024-11-23T13:10:11.144+0000] {dag.py:3427} INFO - Setting next_dagrun for etl_pipeline to 2024-11-23T12:00:00+00:00, run_after=2024-11-23T13:00:00+00:00
[2024-11-23T13:10:11.181+0000] {processor.py:175} INFO - Processing /opt/airflow/dags/etl_pipeline.py took 0.241 seconds
[2024-11-23T13:10:41.443+0000] {processor.py:153} INFO - Started process (PID=286) to work on /opt/airflow/dags/etl_pipeline.py
[2024-11-23T13:10:41.445+0000] {processor.py:743} INFO - Processing file /opt/airflow/dags/etl_pipeline.py for tasks to queue
[2024-11-23T13:10:41.446+0000] {logging_mixin.py:137} INFO - [2024-11-23T13:10:41.446+0000] {dagbag.py:538} INFO - Filling up the DagBag from /opt/airflow/dags/etl_pipeline.py
[2024-11-23T13:10:41.471+0000] {processor.py:753} INFO - DAG(s) dict_keys(['etl_pipeline']) retrieved from /opt/airflow/dags/etl_pipeline.py
[2024-11-23T13:10:41.525+0000] {logging_mixin.py:137} INFO - [2024-11-23T13:10:41.525+0000] {dag.py:2676} INFO - Sync 1 DAGs
[2024-11-23T13:10:41.560+0000] {logging_mixin.py:137} INFO - [2024-11-23T13:10:41.560+0000] {dag.py:3427} INFO - Setting next_dagrun for etl_pipeline to 2024-11-23T12:00:00+00:00, run_after=2024-11-23T13:00:00+00:00
[2024-11-23T13:10:41.586+0000] {processor.py:175} INFO - Processing /opt/airflow/dags/etl_pipeline.py took 0.147 seconds
[2024-11-23T13:11:11.716+0000] {processor.py:153} INFO - Started process (PID=291) to work on /opt/airflow/dags/etl_pipeline.py
[2024-11-23T13:11:11.717+0000] {processor.py:743} INFO - Processing file /opt/airflow/dags/etl_pipeline.py for tasks to queue
[2024-11-23T13:11:11.718+0000] {logging_mixin.py:137} INFO - [2024-11-23T13:11:11.718+0000] {dagbag.py:538} INFO - Filling up the DagBag from /opt/airflow/dags/etl_pipeline.py
[2024-11-23T13:11:11.743+0000] {processor.py:753} INFO - DAG(s) dict_keys(['etl_pipeline']) retrieved from /opt/airflow/dags/etl_pipeline.py
[2024-11-23T13:11:11.793+0000] {logging_mixin.py:137} INFO - [2024-11-23T13:11:11.793+0000] {dag.py:2676} INFO - Sync 1 DAGs
[2024-11-23T13:11:11.827+0000] {logging_mixin.py:137} INFO - [2024-11-23T13:11:11.827+0000] {dag.py:3427} INFO - Setting next_dagrun for etl_pipeline to 2024-11-23T12:00:00+00:00, run_after=2024-11-23T13:00:00+00:00
[2024-11-23T13:11:11.853+0000] {processor.py:175} INFO - Processing /opt/airflow/dags/etl_pipeline.py took 0.142 seconds
[2024-11-23T13:11:42.113+0000] {processor.py:153} INFO - Started process (PID=296) to work on /opt/airflow/dags/etl_pipeline.py
[2024-11-23T13:11:42.114+0000] {processor.py:743} INFO - Processing file /opt/airflow/dags/etl_pipeline.py for tasks to queue
[2024-11-23T13:11:42.117+0000] {logging_mixin.py:137} INFO - [2024-11-23T13:11:42.116+0000] {dagbag.py:538} INFO - Filling up the DagBag from /opt/airflow/dags/etl_pipeline.py
[2024-11-23T13:11:42.144+0000] {processor.py:753} INFO - DAG(s) dict_keys(['etl_pipeline']) retrieved from /opt/airflow/dags/etl_pipeline.py
[2024-11-23T13:11:42.203+0000] {logging_mixin.py:137} INFO - [2024-11-23T13:11:42.203+0000] {dag.py:2676} INFO - Sync 1 DAGs
[2024-11-23T13:11:42.236+0000] {logging_mixin.py:137} INFO - [2024-11-23T13:11:42.235+0000] {dag.py:3427} INFO - Setting next_dagrun for etl_pipeline to 2024-11-23T12:00:00+00:00, run_after=2024-11-23T13:00:00+00:00
[2024-11-23T13:11:42.259+0000] {processor.py:175} INFO - Processing /opt/airflow/dags/etl_pipeline.py took 0.150 seconds
[2024-11-23T13:12:12.419+0000] {processor.py:153} INFO - Started process (PID=301) to work on /opt/airflow/dags/etl_pipeline.py
[2024-11-23T13:12:12.421+0000] {processor.py:743} INFO - Processing file /opt/airflow/dags/etl_pipeline.py for tasks to queue
[2024-11-23T13:12:12.422+0000] {logging_mixin.py:137} INFO - [2024-11-23T13:12:12.422+0000] {dagbag.py:538} INFO - Filling up the DagBag from /opt/airflow/dags/etl_pipeline.py
[2024-11-23T13:12:12.448+0000] {processor.py:753} INFO - DAG(s) dict_keys(['etl_pipeline']) retrieved from /opt/airflow/dags/etl_pipeline.py
[2024-11-23T13:12:12.498+0000] {logging_mixin.py:137} INFO - [2024-11-23T13:12:12.498+0000] {dag.py:2676} INFO - Sync 1 DAGs
[2024-11-23T13:12:12.531+0000] {logging_mixin.py:137} INFO - [2024-11-23T13:12:12.531+0000] {dag.py:3427} INFO - Setting next_dagrun for etl_pipeline to 2024-11-23T12:00:00+00:00, run_after=2024-11-23T13:00:00+00:00
[2024-11-23T13:12:12.557+0000] {processor.py:175} INFO - Processing /opt/airflow/dags/etl_pipeline.py took 0.143 seconds
[2024-11-23T13:12:42.798+0000] {processor.py:153} INFO - Started process (PID=306) to work on /opt/airflow/dags/etl_pipeline.py
[2024-11-23T13:12:42.800+0000] {processor.py:743} INFO - Processing file /opt/airflow/dags/etl_pipeline.py for tasks to queue
[2024-11-23T13:12:42.800+0000] {logging_mixin.py:137} INFO - [2024-11-23T13:12:42.800+0000] {dagbag.py:538} INFO - Filling up the DagBag from /opt/airflow/dags/etl_pipeline.py
[2024-11-23T13:12:42.824+0000] {processor.py:753} INFO - DAG(s) dict_keys(['etl_pipeline']) retrieved from /opt/airflow/dags/etl_pipeline.py
[2024-11-23T13:12:42.954+0000] {logging_mixin.py:137} INFO - [2024-11-23T13:12:42.954+0000] {dag.py:2676} INFO - Sync 1 DAGs
[2024-11-23T13:12:42.992+0000] {logging_mixin.py:137} INFO - [2024-11-23T13:12:42.992+0000] {dag.py:3427} INFO - Setting next_dagrun for etl_pipeline to 2024-11-23T12:00:00+00:00, run_after=2024-11-23T13:00:00+00:00
[2024-11-23T13:12:43.017+0000] {processor.py:175} INFO - Processing /opt/airflow/dags/etl_pipeline.py took 0.224 seconds
[2024-11-23T13:13:13.224+0000] {processor.py:153} INFO - Started process (PID=311) to work on /opt/airflow/dags/etl_pipeline.py
[2024-11-23T13:13:13.225+0000] {processor.py:743} INFO - Processing file /opt/airflow/dags/etl_pipeline.py for tasks to queue
[2024-11-23T13:13:13.226+0000] {logging_mixin.py:137} INFO - [2024-11-23T13:13:13.226+0000] {dagbag.py:538} INFO - Filling up the DagBag from /opt/airflow/dags/etl_pipeline.py
[2024-11-23T13:13:13.249+0000] {processor.py:753} INFO - DAG(s) dict_keys(['etl_pipeline']) retrieved from /opt/airflow/dags/etl_pipeline.py
[2024-11-23T13:13:13.298+0000] {logging_mixin.py:137} INFO - [2024-11-23T13:13:13.297+0000] {dag.py:2676} INFO - Sync 1 DAGs
[2024-11-23T13:13:13.330+0000] {logging_mixin.py:137} INFO - [2024-11-23T13:13:13.329+0000] {dag.py:3427} INFO - Setting next_dagrun for etl_pipeline to 2024-11-23T12:00:00+00:00, run_after=2024-11-23T13:00:00+00:00
[2024-11-23T13:13:13.354+0000] {processor.py:175} INFO - Processing /opt/airflow/dags/etl_pipeline.py took 0.134 seconds
[2024-11-23T13:13:43.537+0000] {processor.py:153} INFO - Started process (PID=316) to work on /opt/airflow/dags/etl_pipeline.py
[2024-11-23T13:13:43.539+0000] {processor.py:743} INFO - Processing file /opt/airflow/dags/etl_pipeline.py for tasks to queue
[2024-11-23T13:13:43.540+0000] {logging_mixin.py:137} INFO - [2024-11-23T13:13:43.539+0000] {dagbag.py:538} INFO - Filling up the DagBag from /opt/airflow/dags/etl_pipeline.py
[2024-11-23T13:13:43.564+0000] {processor.py:753} INFO - DAG(s) dict_keys(['etl_pipeline']) retrieved from /opt/airflow/dags/etl_pipeline.py
[2024-11-23T13:13:43.614+0000] {logging_mixin.py:137} INFO - [2024-11-23T13:13:43.614+0000] {dag.py:2676} INFO - Sync 1 DAGs
[2024-11-23T13:13:43.647+0000] {logging_mixin.py:137} INFO - [2024-11-23T13:13:43.647+0000] {dag.py:3427} INFO - Setting next_dagrun for etl_pipeline to 2024-11-23T12:00:00+00:00, run_after=2024-11-23T13:00:00+00:00
[2024-11-23T13:13:43.671+0000] {processor.py:175} INFO - Processing /opt/airflow/dags/etl_pipeline.py took 0.139 seconds
[2024-11-23T13:14:13.914+0000] {processor.py:153} INFO - Started process (PID=321) to work on /opt/airflow/dags/etl_pipeline.py
[2024-11-23T13:14:13.916+0000] {processor.py:743} INFO - Processing file /opt/airflow/dags/etl_pipeline.py for tasks to queue
[2024-11-23T13:14:13.917+0000] {logging_mixin.py:137} INFO - [2024-11-23T13:14:13.917+0000] {dagbag.py:538} INFO - Filling up the DagBag from /opt/airflow/dags/etl_pipeline.py
[2024-11-23T13:14:13.945+0000] {processor.py:753} INFO - DAG(s) dict_keys(['etl_pipeline']) retrieved from /opt/airflow/dags/etl_pipeline.py
[2024-11-23T13:14:14.002+0000] {logging_mixin.py:137} INFO - [2024-11-23T13:14:14.001+0000] {dag.py:2676} INFO - Sync 1 DAGs
[2024-11-23T13:14:14.039+0000] {logging_mixin.py:137} INFO - [2024-11-23T13:14:14.039+0000] {dag.py:3427} INFO - Setting next_dagrun for etl_pipeline to 2024-11-23T12:00:00+00:00, run_after=2024-11-23T13:00:00+00:00
[2024-11-23T13:14:14.067+0000] {processor.py:175} INFO - Processing /opt/airflow/dags/etl_pipeline.py took 0.159 seconds
[2024-11-23T13:14:44.211+0000] {processor.py:153} INFO - Started process (PID=326) to work on /opt/airflow/dags/etl_pipeline.py
[2024-11-23T13:14:44.213+0000] {processor.py:743} INFO - Processing file /opt/airflow/dags/etl_pipeline.py for tasks to queue
[2024-11-23T13:14:44.214+0000] {logging_mixin.py:137} INFO - [2024-11-23T13:14:44.213+0000] {dagbag.py:538} INFO - Filling up the DagBag from /opt/airflow/dags/etl_pipeline.py
[2024-11-23T13:14:44.241+0000] {processor.py:753} INFO - DAG(s) dict_keys(['etl_pipeline']) retrieved from /opt/airflow/dags/etl_pipeline.py
[2024-11-23T13:14:44.305+0000] {logging_mixin.py:137} INFO - [2024-11-23T13:14:44.305+0000] {dag.py:2676} INFO - Sync 1 DAGs
[2024-11-23T13:14:44.351+0000] {logging_mixin.py:137} INFO - [2024-11-23T13:14:44.351+0000] {dag.py:3427} INFO - Setting next_dagrun for etl_pipeline to 2024-11-23T12:00:00+00:00, run_after=2024-11-23T13:00:00+00:00
[2024-11-23T13:14:44.382+0000] {processor.py:175} INFO - Processing /opt/airflow/dags/etl_pipeline.py took 0.177 seconds
[2024-11-23T13:15:14.637+0000] {processor.py:153} INFO - Started process (PID=331) to work on /opt/airflow/dags/etl_pipeline.py
[2024-11-23T13:15:14.639+0000] {processor.py:743} INFO - Processing file /opt/airflow/dags/etl_pipeline.py for tasks to queue
[2024-11-23T13:15:14.640+0000] {logging_mixin.py:137} INFO - [2024-11-23T13:15:14.639+0000] {dagbag.py:538} INFO - Filling up the DagBag from /opt/airflow/dags/etl_pipeline.py
[2024-11-23T13:15:14.667+0000] {processor.py:753} INFO - DAG(s) dict_keys(['etl_pipeline']) retrieved from /opt/airflow/dags/etl_pipeline.py
[2024-11-23T13:15:14.721+0000] {logging_mixin.py:137} INFO - [2024-11-23T13:15:14.720+0000] {dag.py:2676} INFO - Sync 1 DAGs
[2024-11-23T13:15:14.756+0000] {logging_mixin.py:137} INFO - [2024-11-23T13:15:14.756+0000] {dag.py:3427} INFO - Setting next_dagrun for etl_pipeline to 2024-11-23T12:00:00+00:00, run_after=2024-11-23T13:00:00+00:00
[2024-11-23T13:15:14.784+0000] {processor.py:175} INFO - Processing /opt/airflow/dags/etl_pipeline.py took 0.151 seconds
[2024-11-23T13:15:44.904+0000] {processor.py:153} INFO - Started process (PID=336) to work on /opt/airflow/dags/etl_pipeline.py
[2024-11-23T13:15:44.906+0000] {processor.py:743} INFO - Processing file /opt/airflow/dags/etl_pipeline.py for tasks to queue
[2024-11-23T13:15:44.907+0000] {logging_mixin.py:137} INFO - [2024-11-23T13:15:44.907+0000] {dagbag.py:538} INFO - Filling up the DagBag from /opt/airflow/dags/etl_pipeline.py
[2024-11-23T13:15:44.931+0000] {processor.py:753} INFO - DAG(s) dict_keys(['etl_pipeline']) retrieved from /opt/airflow/dags/etl_pipeline.py
[2024-11-23T13:15:44.981+0000] {logging_mixin.py:137} INFO - [2024-11-23T13:15:44.981+0000] {dag.py:2676} INFO - Sync 1 DAGs
[2024-11-23T13:15:45.013+0000] {logging_mixin.py:137} INFO - [2024-11-23T13:15:45.013+0000] {dag.py:3427} INFO - Setting next_dagrun for etl_pipeline to 2024-11-23T12:00:00+00:00, run_after=2024-11-23T13:00:00+00:00
[2024-11-23T13:15:45.037+0000] {processor.py:175} INFO - Processing /opt/airflow/dags/etl_pipeline.py took 0.137 seconds
[2024-11-23T13:27:58.667+0000] {processor.py:153} INFO - Started process (PID=169) to work on /opt/airflow/dags/etl_pipeline.py
[2024-11-23T13:27:58.669+0000] {processor.py:743} INFO - Processing file /opt/airflow/dags/etl_pipeline.py for tasks to queue
[2024-11-23T13:27:58.671+0000] {logging_mixin.py:137} INFO - [2024-11-23T13:27:58.670+0000] {dagbag.py:538} INFO - Filling up the DagBag from /opt/airflow/dags/etl_pipeline.py
[2024-11-23T13:27:58.743+0000] {processor.py:753} INFO - DAG(s) dict_keys(['etl_pipeline']) retrieved from /opt/airflow/dags/etl_pipeline.py
[2024-11-23T13:27:59.131+0000] {logging_mixin.py:137} INFO - [2024-11-23T13:27:59.131+0000] {manager.py:504} INFO - Created Permission View: can read on DAG:etl_pipeline
[2024-11-23T13:27:59.141+0000] {logging_mixin.py:137} INFO - [2024-11-23T13:27:59.140+0000] {manager.py:504} INFO - Created Permission View: can edit on DAG:etl_pipeline
[2024-11-23T13:27:59.150+0000] {logging_mixin.py:137} INFO - [2024-11-23T13:27:59.150+0000] {manager.py:504} INFO - Created Permission View: can delete on DAG:etl_pipeline
[2024-11-23T13:27:59.151+0000] {logging_mixin.py:137} INFO - [2024-11-23T13:27:59.151+0000] {dag.py:2676} INFO - Sync 1 DAGs
[2024-11-23T13:27:59.171+0000] {logging_mixin.py:137} INFO - [2024-11-23T13:27:59.170+0000] {dag.py:2697} INFO - Creating ORM DAG for etl_pipeline
[2024-11-23T13:27:59.187+0000] {logging_mixin.py:137} INFO - [2024-11-23T13:27:59.187+0000] {dag.py:3427} INFO - Setting next_dagrun for etl_pipeline to 2024-11-23T12:00:00+00:00, run_after=2024-11-23T13:00:00+00:00
[2024-11-23T13:27:59.211+0000] {processor.py:175} INFO - Processing /opt/airflow/dags/etl_pipeline.py took 0.549 seconds
[2024-11-23T13:28:29.449+0000] {processor.py:153} INFO - Started process (PID=175) to work on /opt/airflow/dags/etl_pipeline.py
[2024-11-23T13:28:29.451+0000] {processor.py:743} INFO - Processing file /opt/airflow/dags/etl_pipeline.py for tasks to queue
[2024-11-23T13:28:29.452+0000] {logging_mixin.py:137} INFO - [2024-11-23T13:28:29.452+0000] {dagbag.py:538} INFO - Filling up the DagBag from /opt/airflow/dags/etl_pipeline.py
[2024-11-23T13:28:29.484+0000] {processor.py:753} INFO - DAG(s) dict_keys(['etl_pipeline']) retrieved from /opt/airflow/dags/etl_pipeline.py
[2024-11-23T13:28:29.557+0000] {logging_mixin.py:137} INFO - [2024-11-23T13:28:29.557+0000] {dag.py:2676} INFO - Sync 1 DAGs
[2024-11-23T13:28:29.608+0000] {logging_mixin.py:137} INFO - [2024-11-23T13:28:29.608+0000] {dag.py:3427} INFO - Setting next_dagrun for etl_pipeline to 2024-11-23T12:00:00+00:00, run_after=2024-11-23T13:00:00+00:00
[2024-11-23T13:28:29.671+0000] {processor.py:175} INFO - Processing /opt/airflow/dags/etl_pipeline.py took 0.227 seconds
[2024-11-23T13:28:59.783+0000] {processor.py:153} INFO - Started process (PID=180) to work on /opt/airflow/dags/etl_pipeline.py
[2024-11-23T13:28:59.785+0000] {processor.py:743} INFO - Processing file /opt/airflow/dags/etl_pipeline.py for tasks to queue
[2024-11-23T13:28:59.787+0000] {logging_mixin.py:137} INFO - [2024-11-23T13:28:59.786+0000] {dagbag.py:538} INFO - Filling up the DagBag from /opt/airflow/dags/etl_pipeline.py
[2024-11-23T13:28:59.812+0000] {processor.py:753} INFO - DAG(s) dict_keys(['etl_pipeline']) retrieved from /opt/airflow/dags/etl_pipeline.py
[2024-11-23T13:28:59.875+0000] {logging_mixin.py:137} INFO - [2024-11-23T13:28:59.875+0000] {dag.py:2676} INFO - Sync 1 DAGs
[2024-11-23T13:28:59.924+0000] {logging_mixin.py:137} INFO - [2024-11-23T13:28:59.924+0000] {dag.py:3427} INFO - Setting next_dagrun for etl_pipeline to 2024-11-23T12:00:00+00:00, run_after=2024-11-23T13:00:00+00:00
[2024-11-23T13:28:59.949+0000] {processor.py:175} INFO - Processing /opt/airflow/dags/etl_pipeline.py took 0.179 seconds
[2024-11-23T13:29:30.218+0000] {processor.py:153} INFO - Started process (PID=185) to work on /opt/airflow/dags/etl_pipeline.py
[2024-11-23T13:29:30.220+0000] {processor.py:743} INFO - Processing file /opt/airflow/dags/etl_pipeline.py for tasks to queue
[2024-11-23T13:29:30.221+0000] {logging_mixin.py:137} INFO - [2024-11-23T13:29:30.220+0000] {dagbag.py:538} INFO - Filling up the DagBag from /opt/airflow/dags/etl_pipeline.py
[2024-11-23T13:29:30.257+0000] {processor.py:753} INFO - DAG(s) dict_keys(['etl_pipeline']) retrieved from /opt/airflow/dags/etl_pipeline.py
[2024-11-23T13:29:30.349+0000] {logging_mixin.py:137} INFO - [2024-11-23T13:29:30.348+0000] {dag.py:2676} INFO - Sync 1 DAGs
[2024-11-23T13:29:30.397+0000] {logging_mixin.py:137} INFO - [2024-11-23T13:29:30.396+0000] {dag.py:3427} INFO - Setting next_dagrun for etl_pipeline to 2024-11-23T12:00:00+00:00, run_after=2024-11-23T13:00:00+00:00
[2024-11-23T13:29:30.427+0000] {processor.py:175} INFO - Processing /opt/airflow/dags/etl_pipeline.py took 0.215 seconds
[2024-11-23T13:30:00.502+0000] {processor.py:153} INFO - Started process (PID=190) to work on /opt/airflow/dags/etl_pipeline.py
[2024-11-23T13:30:00.524+0000] {processor.py:743} INFO - Processing file /opt/airflow/dags/etl_pipeline.py for tasks to queue
[2024-11-23T13:30:00.544+0000] {logging_mixin.py:137} INFO - [2024-11-23T13:30:00.544+0000] {dagbag.py:538} INFO - Filling up the DagBag from /opt/airflow/dags/etl_pipeline.py
[2024-11-23T13:30:00.611+0000] {processor.py:753} INFO - DAG(s) dict_keys(['etl_pipeline']) retrieved from /opt/airflow/dags/etl_pipeline.py
[2024-11-23T13:30:00.703+0000] {logging_mixin.py:137} INFO - [2024-11-23T13:30:00.703+0000] {dag.py:2676} INFO - Sync 1 DAGs
[2024-11-23T13:30:00.759+0000] {logging_mixin.py:137} INFO - [2024-11-23T13:30:00.759+0000] {dag.py:3427} INFO - Setting next_dagrun for etl_pipeline to 2024-11-23T12:00:00+00:00, run_after=2024-11-23T13:00:00+00:00
[2024-11-23T13:30:00.819+0000] {processor.py:175} INFO - Processing /opt/airflow/dags/etl_pipeline.py took 0.322 seconds
[2024-11-23T13:30:30.922+0000] {processor.py:153} INFO - Started process (PID=195) to work on /opt/airflow/dags/etl_pipeline.py
[2024-11-23T13:30:30.924+0000] {processor.py:743} INFO - Processing file /opt/airflow/dags/etl_pipeline.py for tasks to queue
[2024-11-23T13:30:30.925+0000] {logging_mixin.py:137} INFO - [2024-11-23T13:30:30.925+0000] {dagbag.py:538} INFO - Filling up the DagBag from /opt/airflow/dags/etl_pipeline.py
[2024-11-23T13:30:30.952+0000] {processor.py:753} INFO - DAG(s) dict_keys(['etl_pipeline']) retrieved from /opt/airflow/dags/etl_pipeline.py
[2024-11-23T13:30:31.077+0000] {logging_mixin.py:137} INFO - [2024-11-23T13:30:31.077+0000] {dag.py:2676} INFO - Sync 1 DAGs
[2024-11-23T13:30:31.116+0000] {logging_mixin.py:137} INFO - [2024-11-23T13:30:31.116+0000] {dag.py:3427} INFO - Setting next_dagrun for etl_pipeline to 2024-11-23T12:00:00+00:00, run_after=2024-11-23T13:00:00+00:00
[2024-11-23T13:30:31.143+0000] {processor.py:175} INFO - Processing /opt/airflow/dags/etl_pipeline.py took 0.227 seconds
[2024-11-23T13:31:01.217+0000] {processor.py:153} INFO - Started process (PID=200) to work on /opt/airflow/dags/etl_pipeline.py
[2024-11-23T13:31:01.219+0000] {processor.py:743} INFO - Processing file /opt/airflow/dags/etl_pipeline.py for tasks to queue
[2024-11-23T13:31:01.221+0000] {logging_mixin.py:137} INFO - [2024-11-23T13:31:01.221+0000] {dagbag.py:538} INFO - Filling up the DagBag from /opt/airflow/dags/etl_pipeline.py
[2024-11-23T13:31:01.245+0000] {processor.py:753} INFO - DAG(s) dict_keys(['etl_pipeline']) retrieved from /opt/airflow/dags/etl_pipeline.py
[2024-11-23T13:31:01.307+0000] {logging_mixin.py:137} INFO - [2024-11-23T13:31:01.307+0000] {dag.py:2676} INFO - Sync 1 DAGs
[2024-11-23T13:31:01.350+0000] {logging_mixin.py:137} INFO - [2024-11-23T13:31:01.349+0000] {dag.py:3427} INFO - Setting next_dagrun for etl_pipeline to 2024-11-23T12:00:00+00:00, run_after=2024-11-23T13:00:00+00:00
[2024-11-23T13:31:01.377+0000] {processor.py:175} INFO - Processing /opt/airflow/dags/etl_pipeline.py took 0.163 seconds
[2024-11-23T13:31:31.470+0000] {processor.py:153} INFO - Started process (PID=205) to work on /opt/airflow/dags/etl_pipeline.py
[2024-11-23T13:31:31.472+0000] {processor.py:743} INFO - Processing file /opt/airflow/dags/etl_pipeline.py for tasks to queue
[2024-11-23T13:31:31.473+0000] {logging_mixin.py:137} INFO - [2024-11-23T13:31:31.473+0000] {dagbag.py:538} INFO - Filling up the DagBag from /opt/airflow/dags/etl_pipeline.py
[2024-11-23T13:31:31.495+0000] {processor.py:753} INFO - DAG(s) dict_keys(['etl_pipeline']) retrieved from /opt/airflow/dags/etl_pipeline.py
[2024-11-23T13:31:31.546+0000] {logging_mixin.py:137} INFO - [2024-11-23T13:31:31.546+0000] {dag.py:2676} INFO - Sync 1 DAGs
[2024-11-23T13:31:31.578+0000] {logging_mixin.py:137} INFO - [2024-11-23T13:31:31.578+0000] {dag.py:3427} INFO - Setting next_dagrun for etl_pipeline to 2024-11-23T12:00:00+00:00, run_after=2024-11-23T13:00:00+00:00
[2024-11-23T13:31:31.608+0000] {processor.py:175} INFO - Processing /opt/airflow/dags/etl_pipeline.py took 0.141 seconds
[2024-11-23T13:32:01.723+0000] {processor.py:153} INFO - Started process (PID=210) to work on /opt/airflow/dags/etl_pipeline.py
[2024-11-23T13:32:01.726+0000] {processor.py:743} INFO - Processing file /opt/airflow/dags/etl_pipeline.py for tasks to queue
[2024-11-23T13:32:01.728+0000] {logging_mixin.py:137} INFO - [2024-11-23T13:32:01.727+0000] {dagbag.py:538} INFO - Filling up the DagBag from /opt/airflow/dags/etl_pipeline.py
[2024-11-23T13:32:01.768+0000] {processor.py:753} INFO - DAG(s) dict_keys(['etl_pipeline']) retrieved from /opt/airflow/dags/etl_pipeline.py
[2024-11-23T13:32:01.850+0000] {logging_mixin.py:137} INFO - [2024-11-23T13:32:01.850+0000] {dag.py:2676} INFO - Sync 1 DAGs
[2024-11-23T13:32:01.911+0000] {logging_mixin.py:137} INFO - [2024-11-23T13:32:01.910+0000] {dag.py:3427} INFO - Setting next_dagrun for etl_pipeline to 2024-11-23T12:00:00+00:00, run_after=2024-11-23T13:00:00+00:00
[2024-11-23T13:32:01.938+0000] {processor.py:175} INFO - Processing /opt/airflow/dags/etl_pipeline.py took 0.221 seconds
[2024-11-23T13:32:32.002+0000] {processor.py:153} INFO - Started process (PID=215) to work on /opt/airflow/dags/etl_pipeline.py
[2024-11-23T13:32:32.004+0000] {processor.py:743} INFO - Processing file /opt/airflow/dags/etl_pipeline.py for tasks to queue
[2024-11-23T13:32:32.006+0000] {logging_mixin.py:137} INFO - [2024-11-23T13:32:32.005+0000] {dagbag.py:538} INFO - Filling up the DagBag from /opt/airflow/dags/etl_pipeline.py
[2024-11-23T13:32:32.043+0000] {processor.py:753} INFO - DAG(s) dict_keys(['etl_pipeline']) retrieved from /opt/airflow/dags/etl_pipeline.py
[2024-11-23T13:32:32.122+0000] {logging_mixin.py:137} INFO - [2024-11-23T13:32:32.122+0000] {dag.py:2676} INFO - Sync 1 DAGs
[2024-11-23T13:32:32.164+0000] {logging_mixin.py:137} INFO - [2024-11-23T13:32:32.163+0000] {dag.py:3427} INFO - Setting next_dagrun for etl_pipeline to 2024-11-23T12:00:00+00:00, run_after=2024-11-23T13:00:00+00:00
[2024-11-23T13:32:32.192+0000] {processor.py:175} INFO - Processing /opt/airflow/dags/etl_pipeline.py took 0.198 seconds
[2024-11-23T13:33:02.309+0000] {processor.py:153} INFO - Started process (PID=220) to work on /opt/airflow/dags/etl_pipeline.py
[2024-11-23T13:33:02.311+0000] {processor.py:743} INFO - Processing file /opt/airflow/dags/etl_pipeline.py for tasks to queue
[2024-11-23T13:33:02.312+0000] {logging_mixin.py:137} INFO - [2024-11-23T13:33:02.312+0000] {dagbag.py:538} INFO - Filling up the DagBag from /opt/airflow/dags/etl_pipeline.py
[2024-11-23T13:33:02.335+0000] {processor.py:753} INFO - DAG(s) dict_keys(['etl_pipeline']) retrieved from /opt/airflow/dags/etl_pipeline.py
[2024-11-23T13:33:02.392+0000] {logging_mixin.py:137} INFO - [2024-11-23T13:33:02.391+0000] {dag.py:2676} INFO - Sync 1 DAGs
[2024-11-23T13:33:02.427+0000] {logging_mixin.py:137} INFO - [2024-11-23T13:33:02.426+0000] {dag.py:3427} INFO - Setting next_dagrun for etl_pipeline to 2024-11-23T12:00:00+00:00, run_after=2024-11-23T13:00:00+00:00
[2024-11-23T13:33:02.452+0000] {processor.py:175} INFO - Processing /opt/airflow/dags/etl_pipeline.py took 0.147 seconds
[2024-11-23T13:33:32.529+0000] {processor.py:153} INFO - Started process (PID=225) to work on /opt/airflow/dags/etl_pipeline.py
[2024-11-23T13:33:32.531+0000] {processor.py:743} INFO - Processing file /opt/airflow/dags/etl_pipeline.py for tasks to queue
[2024-11-23T13:33:32.532+0000] {logging_mixin.py:137} INFO - [2024-11-23T13:33:32.532+0000] {dagbag.py:538} INFO - Filling up the DagBag from /opt/airflow/dags/etl_pipeline.py
[2024-11-23T13:33:32.555+0000] {processor.py:753} INFO - DAG(s) dict_keys(['etl_pipeline']) retrieved from /opt/airflow/dags/etl_pipeline.py
[2024-11-23T13:33:32.613+0000] {logging_mixin.py:137} INFO - [2024-11-23T13:33:32.613+0000] {dag.py:2676} INFO - Sync 1 DAGs
[2024-11-23T13:33:32.652+0000] {logging_mixin.py:137} INFO - [2024-11-23T13:33:32.652+0000] {dag.py:3427} INFO - Setting next_dagrun for etl_pipeline to 2024-11-23T12:00:00+00:00, run_after=2024-11-23T13:00:00+00:00
[2024-11-23T13:33:32.679+0000] {processor.py:175} INFO - Processing /opt/airflow/dags/etl_pipeline.py took 0.154 seconds
[2024-11-23T13:34:02.797+0000] {processor.py:153} INFO - Started process (PID=230) to work on /opt/airflow/dags/etl_pipeline.py
[2024-11-23T13:34:02.799+0000] {processor.py:743} INFO - Processing file /opt/airflow/dags/etl_pipeline.py for tasks to queue
[2024-11-23T13:34:02.800+0000] {logging_mixin.py:137} INFO - [2024-11-23T13:34:02.800+0000] {dagbag.py:538} INFO - Filling up the DagBag from /opt/airflow/dags/etl_pipeline.py
[2024-11-23T13:34:02.824+0000] {processor.py:753} INFO - DAG(s) dict_keys(['etl_pipeline']) retrieved from /opt/airflow/dags/etl_pipeline.py
[2024-11-23T13:34:02.887+0000] {logging_mixin.py:137} INFO - [2024-11-23T13:34:02.886+0000] {dag.py:2676} INFO - Sync 1 DAGs
[2024-11-23T13:34:02.922+0000] {logging_mixin.py:137} INFO - [2024-11-23T13:34:02.921+0000] {dag.py:3427} INFO - Setting next_dagrun for etl_pipeline to 2024-11-23T12:00:00+00:00, run_after=2024-11-23T13:00:00+00:00
[2024-11-23T13:34:02.947+0000] {processor.py:175} INFO - Processing /opt/airflow/dags/etl_pipeline.py took 0.154 seconds
[2024-11-23T13:34:33.008+0000] {processor.py:153} INFO - Started process (PID=235) to work on /opt/airflow/dags/etl_pipeline.py
[2024-11-23T13:34:33.011+0000] {processor.py:743} INFO - Processing file /opt/airflow/dags/etl_pipeline.py for tasks to queue
[2024-11-23T13:34:33.014+0000] {logging_mixin.py:137} INFO - [2024-11-23T13:34:33.014+0000] {dagbag.py:538} INFO - Filling up the DagBag from /opt/airflow/dags/etl_pipeline.py
[2024-11-23T13:34:33.043+0000] {processor.py:753} INFO - DAG(s) dict_keys(['etl_pipeline']) retrieved from /opt/airflow/dags/etl_pipeline.py
[2024-11-23T13:34:33.104+0000] {logging_mixin.py:137} INFO - [2024-11-23T13:34:33.104+0000] {dag.py:2676} INFO - Sync 1 DAGs
[2024-11-23T13:34:33.139+0000] {logging_mixin.py:137} INFO - [2024-11-23T13:34:33.139+0000] {dag.py:3427} INFO - Setting next_dagrun for etl_pipeline to 2024-11-23T12:00:00+00:00, run_after=2024-11-23T13:00:00+00:00
[2024-11-23T13:34:33.166+0000] {processor.py:175} INFO - Processing /opt/airflow/dags/etl_pipeline.py took 0.162 seconds
[2024-11-23T13:35:03.288+0000] {processor.py:153} INFO - Started process (PID=240) to work on /opt/airflow/dags/etl_pipeline.py
[2024-11-23T13:35:03.290+0000] {processor.py:743} INFO - Processing file /opt/airflow/dags/etl_pipeline.py for tasks to queue
[2024-11-23T13:35:03.291+0000] {logging_mixin.py:137} INFO - [2024-11-23T13:35:03.291+0000] {dagbag.py:538} INFO - Filling up the DagBag from /opt/airflow/dags/etl_pipeline.py
[2024-11-23T13:35:03.315+0000] {processor.py:753} INFO - DAG(s) dict_keys(['etl_pipeline']) retrieved from /opt/airflow/dags/etl_pipeline.py
[2024-11-23T13:35:03.372+0000] {logging_mixin.py:137} INFO - [2024-11-23T13:35:03.372+0000] {dag.py:2676} INFO - Sync 1 DAGs
[2024-11-23T13:35:03.409+0000] {logging_mixin.py:137} INFO - [2024-11-23T13:35:03.408+0000] {dag.py:3427} INFO - Setting next_dagrun for etl_pipeline to 2024-11-23T12:00:00+00:00, run_after=2024-11-23T13:00:00+00:00
[2024-11-23T13:35:03.435+0000] {processor.py:175} INFO - Processing /opt/airflow/dags/etl_pipeline.py took 0.150 seconds
[2024-11-23T13:35:33.504+0000] {processor.py:153} INFO - Started process (PID=245) to work on /opt/airflow/dags/etl_pipeline.py
[2024-11-23T13:35:33.506+0000] {processor.py:743} INFO - Processing file /opt/airflow/dags/etl_pipeline.py for tasks to queue
[2024-11-23T13:35:33.507+0000] {logging_mixin.py:137} INFO - [2024-11-23T13:35:33.507+0000] {dagbag.py:538} INFO - Filling up the DagBag from /opt/airflow/dags/etl_pipeline.py
[2024-11-23T13:35:33.531+0000] {processor.py:753} INFO - DAG(s) dict_keys(['etl_pipeline']) retrieved from /opt/airflow/dags/etl_pipeline.py
[2024-11-23T13:35:33.586+0000] {logging_mixin.py:137} INFO - [2024-11-23T13:35:33.586+0000] {dag.py:2676} INFO - Sync 1 DAGs
[2024-11-23T13:35:33.623+0000] {logging_mixin.py:137} INFO - [2024-11-23T13:35:33.623+0000] {dag.py:3427} INFO - Setting next_dagrun for etl_pipeline to 2024-11-23T12:00:00+00:00, run_after=2024-11-23T13:00:00+00:00
[2024-11-23T13:35:33.650+0000] {processor.py:175} INFO - Processing /opt/airflow/dags/etl_pipeline.py took 0.149 seconds
[2024-11-23T13:36:03.771+0000] {processor.py:153} INFO - Started process (PID=250) to work on /opt/airflow/dags/etl_pipeline.py
[2024-11-23T13:36:03.773+0000] {processor.py:743} INFO - Processing file /opt/airflow/dags/etl_pipeline.py for tasks to queue
[2024-11-23T13:36:03.774+0000] {logging_mixin.py:137} INFO - [2024-11-23T13:36:03.774+0000] {dagbag.py:538} INFO - Filling up the DagBag from /opt/airflow/dags/etl_pipeline.py
[2024-11-23T13:36:03.800+0000] {processor.py:753} INFO - DAG(s) dict_keys(['etl_pipeline']) retrieved from /opt/airflow/dags/etl_pipeline.py
[2024-11-23T13:36:03.852+0000] {logging_mixin.py:137} INFO - [2024-11-23T13:36:03.852+0000] {dag.py:2676} INFO - Sync 1 DAGs
[2024-11-23T13:36:03.888+0000] {logging_mixin.py:137} INFO - [2024-11-23T13:36:03.887+0000] {dag.py:3427} INFO - Setting next_dagrun for etl_pipeline to 2024-11-23T12:00:00+00:00, run_after=2024-11-23T13:00:00+00:00
[2024-11-23T13:36:03.914+0000] {processor.py:175} INFO - Processing /opt/airflow/dags/etl_pipeline.py took 0.147 seconds
[2024-11-23T13:36:33.985+0000] {processor.py:153} INFO - Started process (PID=255) to work on /opt/airflow/dags/etl_pipeline.py
[2024-11-23T13:36:33.987+0000] {processor.py:743} INFO - Processing file /opt/airflow/dags/etl_pipeline.py for tasks to queue
[2024-11-23T13:36:33.988+0000] {logging_mixin.py:137} INFO - [2024-11-23T13:36:33.988+0000] {dagbag.py:538} INFO - Filling up the DagBag from /opt/airflow/dags/etl_pipeline.py
[2024-11-23T13:36:34.012+0000] {processor.py:753} INFO - DAG(s) dict_keys(['etl_pipeline']) retrieved from /opt/airflow/dags/etl_pipeline.py
[2024-11-23T13:36:34.068+0000] {logging_mixin.py:137} INFO - [2024-11-23T13:36:34.068+0000] {dag.py:2676} INFO - Sync 1 DAGs
[2024-11-23T13:36:34.103+0000] {logging_mixin.py:137} INFO - [2024-11-23T13:36:34.103+0000] {dag.py:3427} INFO - Setting next_dagrun for etl_pipeline to 2024-11-23T12:00:00+00:00, run_after=2024-11-23T13:00:00+00:00
[2024-11-23T13:36:34.128+0000] {processor.py:175} INFO - Processing /opt/airflow/dags/etl_pipeline.py took 0.147 seconds
[2024-11-23T13:38:50.360+0000] {processor.py:153} INFO - Started process (PID=265) to work on /opt/airflow/dags/etl_pipeline.py
[2024-11-23T13:38:50.364+0000] {processor.py:743} INFO - Processing file /opt/airflow/dags/etl_pipeline.py for tasks to queue
[2024-11-23T13:38:50.368+0000] {logging_mixin.py:137} INFO - [2024-11-23T13:38:50.368+0000] {dagbag.py:538} INFO - Filling up the DagBag from /opt/airflow/dags/etl_pipeline.py
[2024-11-23T13:38:50.422+0000] {processor.py:753} INFO - DAG(s) dict_keys(['etl_pipeline']) retrieved from /opt/airflow/dags/etl_pipeline.py
[2024-11-23T13:38:50.480+0000] {logging_mixin.py:137} INFO - [2024-11-23T13:38:50.480+0000] {dag.py:2676} INFO - Sync 1 DAGs
[2024-11-23T13:38:50.556+0000] {logging_mixin.py:137} INFO - [2024-11-23T13:38:50.556+0000] {dag.py:3427} INFO - Setting next_dagrun for etl_pipeline to 2024-11-23T12:00:00+00:00, run_after=2024-11-23T13:00:00+00:00
[2024-11-23T13:38:50.583+0000] {processor.py:175} INFO - Processing /opt/airflow/dags/etl_pipeline.py took 0.229 seconds
