[2024-11-23T12:41:03.552+0000] {manager.py:483} INFO - Processing files using up to 2 processes at a time 
[2024-11-23T12:41:03.556+0000] {manager.py:484} INFO - Process each file at most once every 30 seconds
[2024-11-23T12:41:03.557+0000] {manager.py:486} INFO - Checking for new files in /opt/airflow/dags every 300 seconds
[2024-11-23T12:41:03.558+0000] {manager.py:726} INFO - Searching for files in /opt/airflow/dags
[2024-11-23T12:41:03.564+0000] {manager.py:729} INFO - There are 1 files in /opt/airflow/dags
[2024-11-23T12:41:03.625+0000] {manager.py:851} INFO - 
================================================================================
DAG File Processing Stats

File Path                            PID  Runtime      # DAGs    # Errors  Last Runtime    Last Run
---------------------------------  -----  ---------  --------  ----------  --------------  ----------
/opt/airflow/dags/etl_pipeline.py    169  0.02s             0           0
================================================================================
[2024-11-23T12:41:33.879+0000] {manager.py:851} INFO - 
================================================================================
DAG File Processing Stats

File Path                          PID    Runtime      # DAGs    # Errors  Last Runtime    Last Run
---------------------------------  -----  ---------  --------  ----------  --------------  -------------------
/opt/airflow/dags/etl_pipeline.py                           1           0  0.44s           2024-11-23T12:41:04
================================================================================
[2024-11-23T12:42:04.596+0000] {manager.py:851} INFO - 
================================================================================
DAG File Processing Stats

File Path                            PID  Runtime      # DAGs    # Errors  Last Runtime    Last Run
---------------------------------  -----  ---------  --------  ----------  --------------  -------------------
/opt/airflow/dags/etl_pipeline.py    180  0.01s             1           0  0.17s           2024-11-23T12:41:34
================================================================================
[2024-11-23T12:42:34.960+0000] {manager.py:851} INFO - 
================================================================================
DAG File Processing Stats

File Path                            PID  Runtime      # DAGs    # Errors  Last Runtime    Last Run
---------------------------------  -----  ---------  --------  ----------  --------------  -------------------
/opt/airflow/dags/etl_pipeline.py    185  0.00s             1           0  0.16s           2024-11-23T12:42:04
================================================================================
[2024-11-23T12:43:05.228+0000] {manager.py:851} INFO - 
================================================================================
DAG File Processing Stats

File Path                            PID  Runtime      # DAGs    # Errors  Last Runtime    Last Run
---------------------------------  -----  ---------  --------  ----------  --------------  -------------------
/opt/airflow/dags/etl_pipeline.py    190  0.01s             1           0  0.16s           2024-11-23T12:42:35
================================================================================
[2024-11-23T12:43:35.601+0000] {manager.py:851} INFO - 
================================================================================
DAG File Processing Stats

File Path                            PID  Runtime      # DAGs    # Errors  Last Runtime    Last Run
---------------------------------  -----  ---------  --------  ----------  --------------  -------------------
/opt/airflow/dags/etl_pipeline.py    195  0.01s             1           0  0.17s           2024-11-23T12:43:05
================================================================================
[2024-11-23T12:44:05.855+0000] {manager.py:851} INFO - 
================================================================================
DAG File Processing Stats

File Path                            PID  Runtime      # DAGs    # Errors  Last Runtime    Last Run
---------------------------------  -----  ---------  --------  ----------  --------------  -------------------
/opt/airflow/dags/etl_pipeline.py    200  0.00s             1           0  0.23s           2024-11-23T12:43:35
================================================================================
[2024-11-23T12:44:36.115+0000] {manager.py:851} INFO - 
================================================================================
DAG File Processing Stats

File Path                            PID  Runtime      # DAGs    # Errors  Last Runtime    Last Run
---------------------------------  -----  ---------  --------  ----------  --------------  -------------------
/opt/airflow/dags/etl_pipeline.py    205  0.01s             1           0  0.15s           2024-11-23T12:44:06
================================================================================
[2024-11-23T12:45:06.491+0000] {manager.py:851} INFO - 
================================================================================
DAG File Processing Stats

File Path                            PID  Runtime      # DAGs    # Errors  Last Runtime    Last Run
---------------------------------  -----  ---------  --------  ----------  --------------  -------------------
/opt/airflow/dags/etl_pipeline.py    210  0.01s             1           0  0.16s           2024-11-23T12:44:36
================================================================================
[2024-11-23T12:45:36.760+0000] {manager.py:851} INFO - 
================================================================================
DAG File Processing Stats

File Path                            PID  Runtime      # DAGs    # Errors  Last Runtime    Last Run
---------------------------------  -----  ---------  --------  ----------  --------------  -------------------
/opt/airflow/dags/etl_pipeline.py    215  0.01s             1           0  0.16s           2024-11-23T12:45:06
================================================================================
[2024-11-23T12:46:04.069+0000] {manager.py:726} INFO - Searching for files in /opt/airflow/dags
[2024-11-23T12:46:04.075+0000] {manager.py:729} INFO - There are 1 files in /opt/airflow/dags
[2024-11-23T12:46:07.119+0000] {manager.py:851} INFO - 
================================================================================
DAG File Processing Stats

File Path                            PID  Runtime      # DAGs    # Errors  Last Runtime    Last Run
---------------------------------  -----  ---------  --------  ----------  --------------  -------------------
/opt/airflow/dags/etl_pipeline.py    220  0.01s             1           0  0.16s           2024-11-23T12:45:36
================================================================================
[2024-11-23T12:46:37.398+0000] {manager.py:851} INFO - 
================================================================================
DAG File Processing Stats

File Path                            PID  Runtime      # DAGs    # Errors  Last Runtime    Last Run
---------------------------------  -----  ---------  --------  ----------  --------------  -------------------
/opt/airflow/dags/etl_pipeline.py    225  0.00s             1           0  0.18s           2024-11-23T12:46:07
================================================================================
[2024-11-23T12:47:07.777+0000] {manager.py:851} INFO - 
================================================================================
DAG File Processing Stats

File Path                            PID  Runtime      # DAGs    # Errors  Last Runtime    Last Run
---------------------------------  -----  ---------  --------  ----------  --------------  -------------------
/opt/airflow/dags/etl_pipeline.py    230  0.01s             1           0  0.16s           2024-11-23T12:46:37
================================================================================
[2024-11-23T12:47:38.054+0000] {manager.py:851} INFO - 
================================================================================
DAG File Processing Stats

File Path                            PID  Runtime      # DAGs    # Errors  Last Runtime    Last Run
---------------------------------  -----  ---------  --------  ----------  --------------  -------------------
/opt/airflow/dags/etl_pipeline.py    235  0.01s             1           0  0.16s           2024-11-23T12:47:07
================================================================================
[2024-11-23T12:48:08.267+0000] {manager.py:851} INFO - 
================================================================================
DAG File Processing Stats

File Path                            PID  Runtime      # DAGs    # Errors  Last Runtime    Last Run
---------------------------------  -----  ---------  --------  ----------  --------------  -------------------
/opt/airflow/dags/etl_pipeline.py    240  0.00s             1           0  0.16s           2024-11-23T12:47:38
================================================================================
[2024-11-23T12:48:38.577+0000] {manager.py:851} INFO - 
================================================================================
DAG File Processing Stats

File Path                            PID  Runtime      # DAGs    # Errors  Last Runtime    Last Run
---------------------------------  -----  ---------  --------  ----------  --------------  -------------------
/opt/airflow/dags/etl_pipeline.py    245  0.00s             1           0  0.20s           2024-11-23T12:48:08
================================================================================
[2024-11-23T12:49:08.858+0000] {manager.py:851} INFO - 
================================================================================
DAG File Processing Stats

File Path                            PID  Runtime      # DAGs    # Errors  Last Runtime    Last Run
---------------------------------  -----  ---------  --------  ----------  --------------  -------------------
/opt/airflow/dags/etl_pipeline.py    250  0.00s             1           0  0.24s           2024-11-23T12:48:38
================================================================================
[2024-11-23T12:49:39.129+0000] {manager.py:851} INFO - 
================================================================================
DAG File Processing Stats

File Path                            PID  Runtime      # DAGs    # Errors  Last Runtime    Last Run
---------------------------------  -----  ---------  --------  ----------  --------------  -------------------
/opt/airflow/dags/etl_pipeline.py    255  0.00s             1           0  0.18s           2024-11-23T12:49:09
================================================================================
[2024-11-23T12:50:09.129+0000] {manager.py:465} INFO - Exiting gracefully upon receiving signal 15
[2024-11-23T12:50:35.956+0000] {manager.py:483} INFO - Processing files using up to 2 processes at a time 
[2024-11-23T12:50:35.961+0000] {manager.py:484} INFO - Process each file at most once every 30 seconds
[2024-11-23T12:50:35.961+0000] {manager.py:486} INFO - Checking for new files in /opt/airflow/dags every 300 seconds
[2024-11-23T12:50:35.962+0000] {manager.py:726} INFO - Searching for files in /opt/airflow/dags
[2024-11-23T12:50:35.970+0000] {manager.py:729} INFO - There are 1 files in /opt/airflow/dags
[2024-11-23T12:50:36.036+0000] {manager.py:851} INFO - 
================================================================================
DAG File Processing Stats

File Path                            PID  Runtime      # DAGs    # Errors  Last Runtime    Last Run
---------------------------------  -----  ---------  --------  ----------  --------------  ----------
/opt/airflow/dags/etl_pipeline.py    168  0.02s             0           0
================================================================================
[2024-11-23T12:51:06.250+0000] {manager.py:851} INFO - 
================================================================================
DAG File Processing Stats

File Path                            PID  Runtime      # DAGs    # Errors  Last Runtime    Last Run
---------------------------------  -----  ---------  --------  ----------  --------------  -------------------
/opt/airflow/dags/etl_pipeline.py    174  0.00s             1           0  0.16s           2024-11-23T12:50:36
================================================================================
[2024-11-23T12:51:36.626+0000] {manager.py:851} INFO - 
================================================================================
DAG File Processing Stats

File Path                            PID  Runtime      # DAGs    # Errors  Last Runtime    Last Run
---------------------------------  -----  ---------  --------  ----------  --------------  -------------------
/opt/airflow/dags/etl_pipeline.py    179  0.01s             1           0  0.25s           2024-11-23T12:51:06
================================================================================
[2024-11-23T12:52:06.959+0000] {manager.py:851} INFO - 
================================================================================
DAG File Processing Stats

File Path                            PID  Runtime      # DAGs    # Errors  Last Runtime    Last Run
---------------------------------  -----  ---------  --------  ----------  --------------  -------------------
/opt/airflow/dags/etl_pipeline.py    184  0.01s             1           0  0.21s           2024-11-23T12:51:36
================================================================================
[2024-11-23T12:52:37.307+0000] {manager.py:851} INFO - 
================================================================================
DAG File Processing Stats

File Path                            PID  Runtime      # DAGs    # Errors  Last Runtime    Last Run
---------------------------------  -----  ---------  --------  ----------  --------------  -------------------
/opt/airflow/dags/etl_pipeline.py    189  0.00s             1           0  0.15s           2024-11-23T12:52:07
================================================================================
[2024-11-23T12:53:07.646+0000] {manager.py:851} INFO - 
================================================================================
DAG File Processing Stats

File Path                            PID  Runtime      # DAGs    # Errors  Last Runtime    Last Run
---------------------------------  -----  ---------  --------  ----------  --------------  -------------------
/opt/airflow/dags/etl_pipeline.py    194  0.01s             1           0  0.28s           2024-11-23T12:52:37
================================================================================
[2024-11-23T12:53:37.948+0000] {manager.py:851} INFO - 
================================================================================
DAG File Processing Stats

File Path                            PID  Runtime      # DAGs    # Errors  Last Runtime    Last Run
---------------------------------  -----  ---------  --------  ----------  --------------  -------------------
/opt/airflow/dags/etl_pipeline.py    199  0.00s             1           0  0.16s           2024-11-23T12:53:07
================================================================================
[2024-11-23T12:54:08.345+0000] {manager.py:851} INFO - 
================================================================================
DAG File Processing Stats

File Path                            PID  Runtime      # DAGs    # Errors  Last Runtime    Last Run
---------------------------------  -----  ---------  --------  ----------  --------------  -------------------
/opt/airflow/dags/etl_pipeline.py    204  0.00s             1           0  0.19s           2024-11-23T12:53:38
================================================================================
[2024-11-23T12:54:38.680+0000] {manager.py:851} INFO - 
================================================================================
DAG File Processing Stats

File Path                            PID  Runtime      # DAGs    # Errors  Last Runtime    Last Run
---------------------------------  -----  ---------  --------  ----------  --------------  -------------------
/opt/airflow/dags/etl_pipeline.py    209  0.00s             1           0  0.15s           2024-11-23T12:54:08
================================================================================
[2024-11-23T12:55:09.042+0000] {manager.py:851} INFO - 
================================================================================
DAG File Processing Stats

File Path                            PID  Runtime      # DAGs    # Errors  Last Runtime    Last Run
---------------------------------  -----  ---------  --------  ----------  --------------  -------------------
/opt/airflow/dags/etl_pipeline.py    214  0.01s             1           0  0.16s           2024-11-23T12:54:38
================================================================================
[2024-11-23T12:55:36.325+0000] {manager.py:726} INFO - Searching for files in /opt/airflow/dags
[2024-11-23T12:55:36.338+0000] {manager.py:729} INFO - There are 1 files in /opt/airflow/dags
[2024-11-23T12:55:39.395+0000] {manager.py:851} INFO - 
================================================================================
DAG File Processing Stats

File Path                            PID  Runtime      # DAGs    # Errors  Last Runtime    Last Run
---------------------------------  -----  ---------  --------  ----------  --------------  -------------------
/opt/airflow/dags/etl_pipeline.py    219  0.01s             1           0  0.16s           2024-11-23T12:55:09
================================================================================
[2024-11-23T12:56:09.757+0000] {manager.py:851} INFO - 
================================================================================
DAG File Processing Stats

File Path                            PID  Runtime      # DAGs    # Errors  Last Runtime    Last Run
---------------------------------  -----  ---------  --------  ----------  --------------  -------------------
/opt/airflow/dags/etl_pipeline.py    224  0.01s             1           0  0.16s           2024-11-23T12:55:39
================================================================================
[2024-11-23T12:56:40.112+0000] {manager.py:851} INFO - 
================================================================================
DAG File Processing Stats

File Path                            PID  Runtime      # DAGs    # Errors  Last Runtime    Last Run
---------------------------------  -----  ---------  --------  ----------  --------------  -------------------
/opt/airflow/dags/etl_pipeline.py    229  0.01s             1           0  0.17s           2024-11-23T12:56:09
================================================================================
[2024-11-23T12:57:10.448+0000] {manager.py:851} INFO - 
================================================================================
DAG File Processing Stats

File Path                            PID  Runtime      # DAGs    # Errors  Last Runtime    Last Run
---------------------------------  -----  ---------  --------  ----------  --------------  -------------------
/opt/airflow/dags/etl_pipeline.py    234  0.00s             1           0  0.16s           2024-11-23T12:56:40
================================================================================
[2024-11-23T12:57:40.777+0000] {manager.py:851} INFO - 
================================================================================
DAG File Processing Stats

File Path                            PID  Runtime      # DAGs    # Errors  Last Runtime    Last Run
---------------------------------  -----  ---------  --------  ----------  --------------  -------------------
/opt/airflow/dags/etl_pipeline.py    239  0.01s             1           0  0.16s           2024-11-23T12:57:10
================================================================================
[2024-11-23T12:58:11.121+0000] {manager.py:851} INFO - 
================================================================================
DAG File Processing Stats

File Path                            PID  Runtime      # DAGs    # Errors  Last Runtime    Last Run
---------------------------------  -----  ---------  --------  ----------  --------------  -------------------
/opt/airflow/dags/etl_pipeline.py    244  0.00s             1           0  0.16s           2024-11-23T12:57:40
================================================================================
[2024-11-23T12:58:41.503+0000] {manager.py:851} INFO - 
================================================================================
DAG File Processing Stats

File Path                            PID  Runtime      # DAGs    # Errors  Last Runtime    Last Run
---------------------------------  -----  ---------  --------  ----------  --------------  -------------------
/opt/airflow/dags/etl_pipeline.py    249  0.01s             1           0  0.17s           2024-11-23T12:58:11
================================================================================
[2024-11-23T12:59:11.960+0000] {manager.py:851} INFO - 
================================================================================
DAG File Processing Stats

File Path                            PID  Runtime      # DAGs    # Errors  Last Runtime    Last Run
---------------------------------  -----  ---------  --------  ----------  --------------  -------------------
/opt/airflow/dags/etl_pipeline.py    254  0.01s             1           0  0.16s           2024-11-23T12:58:41
================================================================================
[2024-11-23T13:03:35.100+0000] {manager.py:726} INFO - Searching for files in /opt/airflow/dags
[2024-11-23T13:03:36.176+0000] {manager.py:729} INFO - There are 1 files in /opt/airflow/dags
[2024-11-23T13:03:36.226+0000] {manager.py:851} INFO - 
================================================================================
DAG File Processing Stats

File Path                            PID  Runtime      # DAGs    # Errors  Last Runtime    Last Run
---------------------------------  -----  ---------  --------  ----------  --------------  -------------------
/opt/airflow/dags/etl_pipeline.py    260  0.01s             1           0  0.21s           2024-11-23T12:59:12
================================================================================
[2024-11-23T13:04:06.951+0000] {manager.py:851} INFO - 
================================================================================
DAG File Processing Stats

File Path                          PID    Runtime      # DAGs    # Errors  Last Runtime    Last Run
---------------------------------  -----  ---------  --------  ----------  --------------  -------------------
/opt/airflow/dags/etl_pipeline.py                           1           0  0.79s           2024-11-23T13:03:37
================================================================================
[2024-11-23T13:05:04.576+0000] {manager.py:851} INFO - 
================================================================================
DAG File Processing Stats

File Path                            PID  Runtime      # DAGs    # Errors  Last Runtime    Last Run
---------------------------------  -----  ---------  --------  ----------  --------------  -------------------
/opt/airflow/dags/etl_pipeline.py    270  0.01s             1           0  0.16s           2024-11-23T13:04:08
================================================================================
[2024-11-23T13:09:39.249+0000] {manager.py:726} INFO - Searching for files in /opt/airflow/dags
[2024-11-23T13:09:40.173+0000] {manager.py:729} INFO - There are 1 files in /opt/airflow/dags
[2024-11-23T13:09:40.211+0000] {manager.py:851} INFO - 
================================================================================
DAG File Processing Stats

File Path                            PID  Runtime      # DAGs    # Errors  Last Runtime    Last Run
---------------------------------  -----  ---------  --------  ----------  --------------  -------------------
/opt/airflow/dags/etl_pipeline.py    276  0.01s             1           0  1.20s           2024-11-23T13:05:05
================================================================================
[2024-11-23T13:10:10.557+0000] {manager.py:851} INFO - 
================================================================================
DAG File Processing Stats

File Path                          PID    Runtime      # DAGs    # Errors  Last Runtime    Last Run
---------------------------------  -----  ---------  --------  ----------  --------------  -------------------
/opt/airflow/dags/etl_pipeline.py                           1           0  0.41s           2024-11-23T13:09:40
================================================================================
[2024-11-23T13:10:41.168+0000] {manager.py:851} INFO - 
================================================================================
DAG File Processing Stats

File Path                          PID    Runtime      # DAGs    # Errors  Last Runtime    Last Run
---------------------------------  -----  ---------  --------  ----------  --------------  -------------------
/opt/airflow/dags/etl_pipeline.py                           1           0  0.27s           2024-11-23T13:10:11
================================================================================
[2024-11-23T13:11:11.703+0000] {manager.py:851} INFO - 
================================================================================
DAG File Processing Stats

File Path                            PID  Runtime      # DAGs    # Errors  Last Runtime    Last Run
---------------------------------  -----  ---------  --------  ----------  --------------  -------------------
/opt/airflow/dags/etl_pipeline.py    291  0.01s             1           0  0.18s           2024-11-23T13:10:41
================================================================================
[2024-11-23T13:11:42.100+0000] {manager.py:851} INFO - 
================================================================================
DAG File Processing Stats

File Path                            PID  Runtime      # DAGs    # Errors  Last Runtime    Last Run
---------------------------------  -----  ---------  --------  ----------  --------------  -------------------
/opt/airflow/dags/etl_pipeline.py    296  0.01s             1           0  0.17s           2024-11-23T13:11:11
================================================================================
[2024-11-23T13:12:12.406+0000] {manager.py:851} INFO - 
================================================================================
DAG File Processing Stats

File Path                            PID  Runtime      # DAGs    # Errors  Last Runtime    Last Run
---------------------------------  -----  ---------  --------  ----------  --------------  -------------------
/opt/airflow/dags/etl_pipeline.py    301  0.01s             1           0  0.18s           2024-11-23T13:11:42
================================================================================
[2024-11-23T13:12:42.787+0000] {manager.py:851} INFO - 
================================================================================
DAG File Processing Stats

File Path                            PID  Runtime      # DAGs    # Errors  Last Runtime    Last Run
---------------------------------  -----  ---------  --------  ----------  --------------  -------------------
/opt/airflow/dags/etl_pipeline.py    306  0.00s             1           0  0.17s           2024-11-23T13:12:12
================================================================================
[2024-11-23T13:13:13.000+0000] {manager.py:851} INFO - 
================================================================================
DAG File Processing Stats

File Path                          PID    Runtime      # DAGs    # Errors  Last Runtime    Last Run
---------------------------------  -----  ---------  --------  ----------  --------------  -------------------
/opt/airflow/dags/etl_pipeline.py                           1           0  0.25s           2024-11-23T13:12:43
================================================================================
[2024-11-23T13:13:43.524+0000] {manager.py:851} INFO - 
================================================================================
DAG File Processing Stats

File Path                            PID  Runtime      # DAGs    # Errors  Last Runtime    Last Run
---------------------------------  -----  ---------  --------  ----------  --------------  -------------------
/opt/airflow/dags/etl_pipeline.py    316  0.01s             1           0  0.16s           2024-11-23T13:13:13
================================================================================
[2024-11-23T13:14:13.899+0000] {manager.py:851} INFO - 
================================================================================
DAG File Processing Stats

File Path                            PID  Runtime      # DAGs    # Errors  Last Runtime    Last Run
---------------------------------  -----  ---------  --------  ----------  --------------  -------------------
/opt/airflow/dags/etl_pipeline.py    321  0.01s             1           0  0.17s           2024-11-23T13:13:43
================================================================================
[2024-11-23T13:14:39.290+0000] {manager.py:726} INFO - Searching for files in /opt/airflow/dags
[2024-11-23T13:14:39.299+0000] {manager.py:729} INFO - There are 1 files in /opt/airflow/dags
[2024-11-23T13:14:44.198+0000] {manager.py:851} INFO - 
================================================================================
DAG File Processing Stats

File Path                            PID  Runtime      # DAGs    # Errors  Last Runtime    Last Run
---------------------------------  -----  ---------  --------  ----------  --------------  -------------------
/opt/airflow/dags/etl_pipeline.py    326  0.01s             1           0  0.19s           2024-11-23T13:14:14
================================================================================
[2024-11-23T13:15:14.622+0000] {manager.py:851} INFO - 
================================================================================
DAG File Processing Stats

File Path                            PID  Runtime      # DAGs    # Errors  Last Runtime    Last Run
---------------------------------  -----  ---------  --------  ----------  --------------  -------------------
/opt/airflow/dags/etl_pipeline.py    331  0.01s             1           0  0.20s           2024-11-23T13:14:44
================================================================================
[2024-11-23T13:15:44.892+0000] {manager.py:851} INFO - 
================================================================================
DAG File Processing Stats

File Path                            PID  Runtime      # DAGs    # Errors  Last Runtime    Last Run
---------------------------------  -----  ---------  --------  ----------  --------------  -------------------
/opt/airflow/dags/etl_pipeline.py    336  0.01s             1           0  0.18s           2024-11-23T13:15:14
================================================================================
[2024-11-23T13:16:13.446+0000] {manager.py:465} INFO - Exiting gracefully upon receiving signal 15
[2024-11-23T13:27:58.567+0000] {manager.py:483} INFO - Processing files using up to 2 processes at a time 
[2024-11-23T13:27:58.570+0000] {manager.py:484} INFO - Process each file at most once every 30 seconds
[2024-11-23T13:27:58.570+0000] {manager.py:486} INFO - Checking for new files in /opt/airflow/dags every 300 seconds
[2024-11-23T13:27:58.570+0000] {manager.py:726} INFO - Searching for files in /opt/airflow/dags
[2024-11-23T13:27:58.580+0000] {manager.py:729} INFO - There are 1 files in /opt/airflow/dags
[2024-11-23T13:27:58.677+0000] {manager.py:851} INFO - 
================================================================================
DAG File Processing Stats

File Path                            PID  Runtime      # DAGs    # Errors  Last Runtime    Last Run
---------------------------------  -----  ---------  --------  ----------  --------------  ----------
/opt/airflow/dags/etl_pipeline.py    169  0.03s             0           0
================================================================================
[2024-11-23T13:28:28.902+0000] {manager.py:851} INFO - 
================================================================================
DAG File Processing Stats

File Path                          PID    Runtime      # DAGs    # Errors  Last Runtime    Last Run
---------------------------------  -----  ---------  --------  ----------  --------------  -------------------
/opt/airflow/dags/etl_pipeline.py                           1           0  0.57s           2024-11-23T13:27:59
================================================================================
[2024-11-23T13:28:58.936+0000] {manager.py:851} INFO - 
================================================================================
DAG File Processing Stats

File Path                          PID    Runtime      # DAGs    # Errors  Last Runtime    Last Run
---------------------------------  -----  ---------  --------  ----------  --------------  -------------------
/opt/airflow/dags/etl_pipeline.py                           1           0  0.27s           2024-11-23T13:28:29
================================================================================
[2024-11-23T13:29:29.181+0000] {manager.py:851} INFO - 
================================================================================
DAG File Processing Stats

File Path                          PID    Runtime      # DAGs    # Errors  Last Runtime    Last Run
---------------------------------  -----  ---------  --------  ----------  --------------  -------------------
/opt/airflow/dags/etl_pipeline.py                           1           0  0.21s           2024-11-23T13:28:59
================================================================================
[2024-11-23T13:29:59.475+0000] {manager.py:851} INFO - 
================================================================================
DAG File Processing Stats

File Path                          PID    Runtime      # DAGs    # Errors  Last Runtime    Last Run
---------------------------------  -----  ---------  --------  ----------  --------------  -------------------
/opt/airflow/dags/etl_pipeline.py                           1           0  0.25s           2024-11-23T13:29:30
================================================================================
[2024-11-23T13:30:29.893+0000] {manager.py:851} INFO - 
================================================================================
DAG File Processing Stats

File Path                          PID    Runtime      # DAGs    # Errors  Last Runtime    Last Run
---------------------------------  -----  ---------  --------  ----------  --------------  -------------------
/opt/airflow/dags/etl_pipeline.py                           1           0  0.35s           2024-11-23T13:30:00
================================================================================
[2024-11-23T13:31:00.195+0000] {manager.py:851} INFO - 
================================================================================
DAG File Processing Stats

File Path                          PID    Runtime      # DAGs    # Errors  Last Runtime    Last Run
---------------------------------  -----  ---------  --------  ----------  --------------  -------------------
/opt/airflow/dags/etl_pipeline.py                           1           0  0.25s           2024-11-23T13:30:31
================================================================================
[2024-11-23T13:31:30.448+0000] {manager.py:851} INFO - 
================================================================================
DAG File Processing Stats

File Path                          PID    Runtime      # DAGs    # Errors  Last Runtime    Last Run
---------------------------------  -----  ---------  --------  ----------  --------------  -------------------
/opt/airflow/dags/etl_pipeline.py                           1           0  0.19s           2024-11-23T13:31:01
================================================================================
[2024-11-23T13:32:00.688+0000] {manager.py:851} INFO - 
================================================================================
DAG File Processing Stats

File Path                          PID    Runtime      # DAGs    # Errors  Last Runtime    Last Run
---------------------------------  -----  ---------  --------  ----------  --------------  -------------------
/opt/airflow/dags/etl_pipeline.py                           1           0  0.16s           2024-11-23T13:31:31
================================================================================
[2024-11-23T13:32:30.965+0000] {manager.py:851} INFO - 
================================================================================
DAG File Processing Stats

File Path                          PID    Runtime      # DAGs    # Errors  Last Runtime    Last Run
---------------------------------  -----  ---------  --------  ----------  --------------  -------------------
/opt/airflow/dags/etl_pipeline.py                           1           0  0.25s           2024-11-23T13:32:01
================================================================================
[2024-11-23T13:32:59.248+0000] {manager.py:726} INFO - Searching for files in /opt/airflow/dags
[2024-11-23T13:32:59.255+0000] {manager.py:729} INFO - There are 1 files in /opt/airflow/dags
[2024-11-23T13:33:01.283+0000] {manager.py:851} INFO - 
================================================================================
DAG File Processing Stats

File Path                          PID    Runtime      # DAGs    # Errors  Last Runtime    Last Run
---------------------------------  -----  ---------  --------  ----------  --------------  -------------------
/opt/airflow/dags/etl_pipeline.py                           1           0  0.23s           2024-11-23T13:32:32
================================================================================
[2024-11-23T13:33:31.505+0000] {manager.py:851} INFO - 
================================================================================
DAG File Processing Stats

File Path                          PID    Runtime      # DAGs    # Errors  Last Runtime    Last Run
---------------------------------  -----  ---------  --------  ----------  --------------  -------------------
/opt/airflow/dags/etl_pipeline.py                           1           0  0.17s           2024-11-23T13:33:02
================================================================================
[2024-11-23T13:34:01.775+0000] {manager.py:851} INFO - 
================================================================================
DAG File Processing Stats

File Path                          PID    Runtime      # DAGs    # Errors  Last Runtime    Last Run
---------------------------------  -----  ---------  --------  ----------  --------------  -------------------
/opt/airflow/dags/etl_pipeline.py                           1           0  0.18s           2024-11-23T13:33:32
================================================================================
[2024-11-23T13:34:31.982+0000] {manager.py:851} INFO - 
================================================================================
DAG File Processing Stats

File Path                          PID    Runtime      # DAGs    # Errors  Last Runtime    Last Run
---------------------------------  -----  ---------  --------  ----------  --------------  -------------------
/opt/airflow/dags/etl_pipeline.py                           1           0  0.17s           2024-11-23T13:34:02
================================================================================
[2024-11-23T13:35:02.265+0000] {manager.py:851} INFO - 
================================================================================
DAG File Processing Stats

File Path                          PID    Runtime      # DAGs    # Errors  Last Runtime    Last Run
---------------------------------  -----  ---------  --------  ----------  --------------  -------------------
/opt/airflow/dags/etl_pipeline.py                           1           0  0.19s           2024-11-23T13:34:33
================================================================================
[2024-11-23T13:35:32.480+0000] {manager.py:851} INFO - 
================================================================================
DAG File Processing Stats

File Path                          PID    Runtime      # DAGs    # Errors  Last Runtime    Last Run
---------------------------------  -----  ---------  --------  ----------  --------------  -------------------
/opt/airflow/dags/etl_pipeline.py                           1           0  0.17s           2024-11-23T13:35:03
================================================================================
[2024-11-23T13:36:02.746+0000] {manager.py:851} INFO - 
================================================================================
DAG File Processing Stats

File Path                          PID    Runtime      # DAGs    # Errors  Last Runtime    Last Run
---------------------------------  -----  ---------  --------  ----------  --------------  -------------------
/opt/airflow/dags/etl_pipeline.py                           1           0  0.17s           2024-11-23T13:35:33
================================================================================
[2024-11-23T13:36:32.962+0000] {manager.py:851} INFO - 
================================================================================
DAG File Processing Stats

File Path                          PID    Runtime      # DAGs    # Errors  Last Runtime    Last Run
---------------------------------  -----  ---------  --------  ----------  --------------  -------------------
/opt/airflow/dags/etl_pipeline.py                           1           0  0.17s           2024-11-23T13:36:03
================================================================================
[2024-11-23T13:38:47.640+0000] {manager.py:726} INFO - Searching for files in /opt/airflow/dags
[2024-11-23T13:38:48.542+0000] {manager.py:465} INFO - Exiting gracefully upon receiving signal 15
[2024-11-23T13:38:50.224+0000] {manager.py:483} INFO - Processing files using up to 2 processes at a time 
[2024-11-23T13:38:50.226+0000] {manager.py:484} INFO - Process each file at most once every 30 seconds
[2024-11-23T13:38:50.228+0000] {manager.py:486} INFO - Checking for new files in /opt/airflow/dags every 300 seconds
[2024-11-23T13:38:50.230+0000] {manager.py:726} INFO - Searching for files in /opt/airflow/dags
[2024-11-23T13:38:50.249+0000] {manager.py:729} INFO - There are 1 files in /opt/airflow/dags
[2024-11-23T13:38:50.384+0000] {manager.py:851} INFO - 
================================================================================
DAG File Processing Stats

File Path                            PID  Runtime      # DAGs    # Errors  Last Runtime    Last Run
---------------------------------  -----  ---------  --------  ----------  --------------  ----------
/opt/airflow/dags/etl_pipeline.py    265  0.03s             0           0
================================================================================
